Using pre-set license
Built from '2022.3/staging' branch; Version is '2022.3.9f1 (ea401c316338) revision 15351836'; Using compiler version '192829333'; Build Type 'Release'
OS: 'Windows 10  (10.0.19045) 64bit Core' Language: 'uk' Physical Memory: 16105 MB
BatchMode: 1, IsHumanControllingUs: 0, StartBugReporterOnCrash: 0, Is64bit: 1, IsPro: 1

COMMAND LINE ARGUMENTS:
D:\unity\2022.3.9f1\Editor\Unity.exe
-adb2
-batchMode
-noUpm
-name
AssetImportWorker2
-projectPath
C:/Users/Asus/Documents/GitHub/game/Game
-logFile
Logs/AssetImportWorker2.log
-srvPort
64672
Successfully changed project path to: C:/Users/Asus/Documents/GitHub/game/Game
C:/Users/Asus/Documents/GitHub/game/Game
[UnityMemory] Configuration Parameters - Can be set up in boot.config
    "memorysetup-bucket-allocator-granularity=16"
    "memorysetup-bucket-allocator-bucket-count=8"
    "memorysetup-bucket-allocator-block-size=33554432"
    "memorysetup-bucket-allocator-block-count=8"
    "memorysetup-main-allocator-block-size=16777216"
    "memorysetup-thread-allocator-block-size=16777216"
    "memorysetup-gfx-main-allocator-block-size=16777216"
    "memorysetup-gfx-thread-allocator-block-size=16777216"
    "memorysetup-cache-allocator-block-size=4194304"
    "memorysetup-typetree-allocator-block-size=2097152"
    "memorysetup-profiler-bucket-allocator-granularity=16"
    "memorysetup-profiler-bucket-allocator-bucket-count=8"
    "memorysetup-profiler-bucket-allocator-block-size=33554432"
    "memorysetup-profiler-bucket-allocator-block-count=8"
    "memorysetup-profiler-allocator-block-size=16777216"
    "memorysetup-profiler-editor-allocator-block-size=1048576"
    "memorysetup-temp-allocator-size-main=16777216"
    "memorysetup-job-temp-allocator-block-size=2097152"
    "memorysetup-job-temp-allocator-block-size-background=1048576"
    "memorysetup-job-temp-allocator-reduction-small-platforms=262144"
    "memorysetup-allocator-temp-initial-block-size-main=262144"
    "memorysetup-allocator-temp-initial-block-size-worker=262144"
    "memorysetup-temp-allocator-size-background-worker=32768"
    "memorysetup-temp-allocator-size-job-worker=262144"
    "memorysetup-temp-allocator-size-preload-manager=33554432"
    "memorysetup-temp-allocator-size-nav-mesh-worker=65536"
    "memorysetup-temp-allocator-size-audio-worker=65536"
    "memorysetup-temp-allocator-size-cloud-worker=32768"
    "memorysetup-temp-allocator-size-gi-baking-worker=262144"
    "memorysetup-temp-allocator-size-gfx=262144"
Player connection [22696] Host "[IP] 192.168.56.1 [Port] 0 [Flags] 2 [Guid] 3527590440 [EditorId] 3527590440 [Version] 1048832 [Id] WindowsEditor(7,DESKTOP-6OQPLHL) [Debug] 1 [PackageName] WindowsEditor [ProjectName] Editor" joined multi-casting on [225.0.0.222:54997]...

Player connection [22696] Host "[IP] 192.168.56.1 [Port] 0 [Flags] 2 [Guid] 3527590440 [EditorId] 3527590440 [Version] 1048832 [Id] WindowsEditor(7,DESKTOP-6OQPLHL) [Debug] 1 [PackageName] WindowsEditor [ProjectName] Editor" joined alternative multi-casting on [225.0.0.222:34997]...

[Physics::Module] Initialized MultithreadedJobDispatcher with 11 workers.
Refreshing native plugins compatible for Editor in 6.34 ms, found 3 plugins.
Preloading 0 native plugins for Editor in 0.00 ms.
Initialize engine version: 2022.3.9f1 (ea401c316338)
[Subsystems] Discovering subsystems at path D:/unity/2022.3.9f1/Editor/Data/Resources/UnitySubsystems
[Subsystems] Discovering subsystems at path C:/Users/Asus/Documents/GitHub/game/Game/Assets
GfxDevice: creating device client; threaded=0; jobified=0
Direct3D:
    Version:  Direct3D 11.0 [level 11.1]
    Renderer: NVIDIA GeForce RTX 2050 (ID=0x25ad)
    Vendor:   NVIDIA
    VRAM:     3977 MB
    Driver:   31.0.15.2801
Initialize mono
Mono path[0] = 'D:/unity/2022.3.9f1/Editor/Data/Managed'
Mono path[1] = 'D:/unity/2022.3.9f1/Editor/Data/MonoBleedingEdge/lib/mono/unityjit-win32'
Mono config path = 'D:/unity/2022.3.9f1/Editor/Data/MonoBleedingEdge/etc'
Using monoOptions --debugger-agent=transport=dt_socket,embedding=1,server=y,suspend=n,address=127.0.0.1:56288
Begin MonoManager ReloadAssembly
Registering precompiled unity dll's ...
Register platform support module: D:/unity/2022.3.9f1/Editor/Data/PlaybackEngines/AndroidPlayer/UnityEditor.Android.Extensions.dll
Register platform support module: D:/unity/2022.3.9f1/Editor/Data/PlaybackEngines/WindowsStandaloneSupport/UnityEditor.WindowsStandalone.Extensions.dll
Registered in 0.003818 seconds.
- Loaded All Assemblies, in  0.340 seconds
Native extension for WindowsStandalone target not found
Native extension for Android target not found
Android Extension - Scanning For ADB Devices 199 ms
Mono: successfully reloaded assembly
- Finished resetting the current domain, in  0.498 seconds
Domain Reload Profiling: 837ms
	BeginReloadAssembly (100ms)
		ExecutionOrderSort (0ms)
		DisableScriptedObjects (0ms)
		BackupInstance (0ms)
		ReleaseScriptingObjects (0ms)
		CreateAndSetChildDomain (1ms)
	RebuildCommonClasses (34ms)
	RebuildNativeTypeToScriptingClass (10ms)
	initialDomainReloadingComplete (47ms)
	LoadAllAssembliesAndSetupDomain (148ms)
		LoadAssemblies (100ms)
		RebuildTransferFunctionScriptingTraits (0ms)
		AnalyzeDomain (146ms)
			TypeCache.Refresh (144ms)
				TypeCache.ScanAssembly (131ms)
			ScanForSourceGeneratedMonoScriptInfo (0ms)
			ResolveRequiredComponents (1ms)
	FinalizeReload (498ms)
		ReleaseScriptCaches (0ms)
		RebuildScriptCaches (0ms)
		SetupLoadedEditorAssemblies (440ms)
			LogAssemblyErrors (0ms)
			InitializePlatformSupportModulesInManaged (319ms)
			SetLoadedEditorAssemblies (3ms)
			RefreshPlugins (0ms)
			BeforeProcessingInitializeOnLoad (2ms)
			ProcessInitializeOnLoadAttributes (79ms)
			ProcessInitializeOnLoadMethodAttributes (37ms)
			AfterProcessingInitializeOnLoad (0ms)
			EditorAssembliesLoaded (0ms)
		ExecutionOrderSort2 (0ms)
		AwakeInstancesAfterBackupRestoration (0ms)
========================================================================
Worker process is ready to serve import requests
Begin MonoManager ReloadAssembly
- Loaded All Assemblies, in  0.463 seconds
Refreshing native plugins compatible for Editor in 2.00 ms, found 3 plugins.
Native extension for WindowsStandalone target not found
Native extension for Android target not found
Package Manager log level set to [2]
[Package Manager] Server::EnsureServerProcessIsRunning -- launch failed, reason: Unity was launched with the -noUpm command-line argument
[Package Manager] UpmClient::Send -- Unable to send message (not connected to UPM process).
[Package Manager] Cannot connect to Unity Package Manager local server
Mono: successfully reloaded assembly
- Finished resetting the current domain, in  0.517 seconds
Domain Reload Profiling: 980ms
	BeginReloadAssembly (109ms)
		ExecutionOrderSort (0ms)
		DisableScriptedObjects (4ms)
		BackupInstance (0ms)
		ReleaseScriptingObjects (0ms)
		CreateAndSetChildDomain (19ms)
	RebuildCommonClasses (25ms)
	RebuildNativeTypeToScriptingClass (9ms)
	initialDomainReloadingComplete (28ms)
	LoadAllAssembliesAndSetupDomain (292ms)
		LoadAssemblies (207ms)
		RebuildTransferFunctionScriptingTraits (0ms)
		AnalyzeDomain (147ms)
			TypeCache.Refresh (128ms)
				TypeCache.ScanAssembly (114ms)
			ScanForSourceGeneratedMonoScriptInfo (13ms)
			ResolveRequiredComponents (5ms)
	FinalizeReload (517ms)
		ReleaseScriptCaches (0ms)
		RebuildScriptCaches (0ms)
		SetupLoadedEditorAssemblies (380ms)
			LogAssemblyErrors (0ms)
			InitializePlatformSupportModulesInManaged (17ms)
			SetLoadedEditorAssemblies (4ms)
			RefreshPlugins (0ms)
			BeforeProcessingInitializeOnLoad (47ms)
			ProcessInitializeOnLoadAttributes (296ms)
			ProcessInitializeOnLoadMethodAttributes (14ms)
			AfterProcessingInitializeOnLoad (2ms)
			EditorAssembliesLoaded (0ms)
		ExecutionOrderSort2 (0ms)
		AwakeInstancesAfterBackupRestoration (4ms)
Launched and connected shader compiler UnityShaderCompiler.exe after 0.04 seconds
Refreshing native plugins compatible for Editor in 2.03 ms, found 3 plugins.
Preloading 0 native plugins for Editor in 0.00 ms.
Unloading 3536 Unused Serialized files (Serialized files now loaded: 0)
Unloading 71 unused Assets / (1.5 MB). Loaded Objects now: 4012.
Memory consumption went from 174.2 MB to 172.7 MB.
Total: 3.032700 ms (FindLiveObjects: 0.227900 ms CreateObjectMapping: 0.093100 ms MarkObjects: 2.277500 ms  DeleteObjects: 0.433300 ms)

AssetImportParameters requested are different than current active one (requested -> active):
  custom:container-demuxer-ogg: 62fdf1f143b41e24485cea50d1cbac27 -> 
  custom:video-decoder-ogg-theora: a1e56fd34408186e4bbccfd4996cb3dc -> 
  custom:framework-win-MediaFoundation: 216162199b28c13a410421893ffa2e32 -> 
  custom:CustomObjectIndexerAttribute: 756ad292c208cfabdd7b50bc23989ffe -> 
  custom:container-demuxer-webm: 4f35f7cbe854078d1ac9338744f61a02 -> 
  custom:container-muxer-webm: aa71ff27fc2769a1b78a27578f13a17b -> 
  custom:video-decoder-webm-vp8: 9c59270c3fd7afecdb556c50c9e8de78 -> 
  custom:SearchIndexIgnoredProperties: e643bd26f0fe6173181afceb89e7c659 -> 
  custom:AudioImporter_EditorPlatform: d09bf68614088b80899f8185d706f6e7 -> 
  custom:video-encoder-webm-vp8: eb34c28f22e8b96e1ab97ce403110664 -> 
  custom:audio-decoder-ogg-vorbis: bf7c407c2cedff20999df2af8eb42d56 -> 
  custom:audio-encoder-webm-vorbis: bf7c407c2cedff20999df2af8eb42d56 -> 
========================================================================
Received Import Request.
  Time since last request: 563805.305387 seconds.
  path: Assets/Source/Terrain
  artifactKey: Guid(dd17991cac94a774ea333099c75b5bfc) Importer(815301076,1909f56bfc062723c751e8b465ee728b)
Start importing Assets/Source/Terrain using Guid(dd17991cac94a774ea333099c75b5bfc) Importer(815301076,1909f56bfc062723c751e8b465ee728b)  -> (artifact id: 'abefdfda9d651a7e9d3e168d67876714') in 0.003504 seconds
Number of updated asset objects reloaded before import = 5
Number of asset objects unloaded after import = 0
========================================================================
Received Import Request.
  Time since last request: 0.044972 seconds.
  path: Assets/Source/Terrain/Terrain_0_0_2fc56a2f-cd2f-4efa-8bb7-e0d01e1b99b7.asset
  artifactKey: Guid(ef63a0c0dab80264c8a77803d15798f5) Importer(815301076,1909f56bfc062723c751e8b465ee728b)
Start importing Assets/Source/Terrain/Terrain_0_0_2fc56a2f-cd2f-4efa-8bb7-e0d01e1b99b7.asset using Guid(ef63a0c0dab80264c8a77803d15798f5) Importer(815301076,1909f56bfc062723c751e8b465ee728b)  -> (artifact id: '0f09b6617ca32833b7e2507ad7e1d3a8') in 0.015995 seconds
Number of updated asset objects reloaded before import = 0
Number of asset objects unloaded after import = 1
========================================================================
Received Import Request.
  Time since last request: 0.000015 seconds.
  path: Assets/Source/Terrain/Terrain_0_0_97c1139b-22a8-4ea3-9264-713fb21faa2c.asset
  artifactKey: Guid(f0c5cbce80d37cb4fa72278a9f84bfd9) Importer(815301076,1909f56bfc062723c751e8b465ee728b)
Start importing Assets/Source/Terrain/Terrain_0_0_97c1139b-22a8-4ea3-9264-713fb21faa2c.asset using Guid(f0c5cbce80d37cb4fa72278a9f84bfd9) Importer(815301076,1909f56bfc062723c751e8b465ee728b)  -> (artifact id: 'c269ba57bd5aaef875656fb90284ba5f') in 0.005131 seconds
Number of updated asset objects reloaded before import = 0
Number of asset objects unloaded after import = 1
========================================================================
Received Import Request.
  Time since last request: 0.000021 seconds.
  path: Assets/Source/Terrain/TerrainData_9118de4f-2141-49fa-93b2-f790258c7b5d.asset
  artifactKey: Guid(fe0230580365cff499ca48f5a195cb55) Importer(815301076,1909f56bfc062723c751e8b465ee728b)
Start importing Assets/Source/Terrain/TerrainData_9118de4f-2141-49fa-93b2-f790258c7b5d.asset using Guid(fe0230580365cff499ca48f5a195cb55) Importer(815301076,1909f56bfc062723c751e8b465ee728b)  -> (artifact id: '69e9f3504a7a343c4e8ef6e416a34cf1') in 0.128995 seconds
Number of updated asset objects reloaded before import = 0
Number of asset objects unloaded after import = 3
========================================================================
Received Import Request.
  Time since last request: 0.000027 seconds.
  path: Assets/Source/Terrain/TerrainData_6a8c9fbe-27c2-4734-a859-79d7a3be6206.asset
  artifactKey: Guid(1d532f6de9ced624baa1fc42d75e31a9) Importer(815301076,1909f56bfc062723c751e8b465ee728b)
Start importing Assets/Source/Terrain/TerrainData_6a8c9fbe-27c2-4734-a859-79d7a3be6206.asset using Guid(1d532f6de9ced624baa1fc42d75e31a9) Importer(815301076,1909f56bfc062723c751e8b465ee728b)  -> (artifact id: '891536aa54147b8649b6f49bf7c0dbea') in 0.004630 seconds
Number of updated asset objects reloaded before import = 0
Number of asset objects unloaded after import = 1
========================================================================
Received Import Request.
  Time since last request: 0.000026 seconds.
  path: Assets/Source/Terrain/Terrain_0_0_074afb97-56ef-4799-b4b9-84b3c1bb38b6.asset
  artifactKey: Guid(e208fba97efe0904aacda4964e2ef834) Importer(815301076,1909f56bfc062723c751e8b465ee728b)
Start importing Assets/Source/Terrain/Terrain_0_0_074afb97-56ef-4799-b4b9-84b3c1bb38b6.asset using Guid(e208fba97efe0904aacda4964e2ef834) Importer(815301076,1909f56bfc062723c751e8b465ee728b)  -> (artifact id: '44e3648a93ba46e6eaea6cf4185d1e2e') in 0.013182 seconds
Number of updated asset objects reloaded before import = 0
Number of asset objects unloaded after import = 24
========================================================================
Received Import Request.
  Time since last request: 0.000024 seconds.
  path: Assets/Source/Terrain/Terrain_0_0_69dda50d-49e5-4832-9914-27d086fc1b19.asset
  artifactKey: Guid(a60a2d9885b114b4694a0469767e67d4) Importer(815301076,1909f56bfc062723c751e8b465ee728b)
Start importing Assets/Source/Terrain/Terrain_0_0_69dda50d-49e5-4832-9914-27d086fc1b19.asset using Guid(a60a2d9885b114b4694a0469767e67d4) Importer(815301076,1909f56bfc062723c751e8b465ee728b)  -> (artifact id: 'b436f0a28c695aab6701fa69686b8e07') in 0.006395 seconds
Number of updated asset objects reloaded before import = 0
Number of asset objects unloaded after import = 1
========================================================================
Received Import Request.
  Time since last request: 0.000024 seconds.
  path: Assets/Source/Terrain/TerrainData_9017d438-8224-4116-8a7b-f7eee7ca4333.asset
  artifactKey: Guid(cf57cfbf56ea7744181bbd64f3bb3868) Importer(815301076,1909f56bfc062723c751e8b465ee728b)
Start importing Assets/Source/Terrain/TerrainData_9017d438-8224-4116-8a7b-f7eee7ca4333.asset using Guid(cf57cfbf56ea7744181bbd64f3bb3868) Importer(815301076,1909f56bfc062723c751e8b465ee728b)  -> (artifact id: 'eae71f190262b9442eeaec8f82cb1877') in 0.027569 seconds
Number of updated asset objects reloaded before import = 0
Number of asset objects unloaded after import = 3
========================================================================
Received Import Request.
  Time since last request: 0.000024 seconds.
  path: Assets/Source/Terrain/TerrainData_6013139f-f378-4716-91d5-771024437bda.asset
  artifactKey: Guid(a8b21748585cfe44fa55a7bdeba8fe6e) Importer(815301076,1909f56bfc062723c751e8b465ee728b)
Start importing Assets/Source/Terrain/TerrainData_6013139f-f378-4716-91d5-771024437bda.asset using Guid(a8b21748585cfe44fa55a7bdeba8fe6e) Importer(815301076,1909f56bfc062723c751e8b465ee728b)  -> (artifact id: '5b78f245f090017cf9c2b457200a9e65') in 0.021055 seconds
Number of updated asset objects reloaded before import = 0
Number of asset objects unloaded after import = 3
========================================================================
Received Import Request.
  Time since last request: 0.000052 seconds.
  path: Assets/Source/Terrain/TerrainData_ddaee748-0e60-4388-af44-e4f2ba0218c6.asset
  artifactKey: Guid(ad383c617ecf7e7459c589277f9acc65) Importer(815301076,1909f56bfc062723c751e8b465ee728b)
Start importing Assets/Source/Terrain/TerrainData_ddaee748-0e60-4388-af44-e4f2ba0218c6.asset using Guid(ad383c617ecf7e7459c589277f9acc65) Importer(815301076,1909f56bfc062723c751e8b465ee728b) The tree Grass_A must use the Nature/Soft Occlusion shader. Otherwise billboarding/lighting will not work correctly.
The tree Grass_B must use the Nature/Soft Occlusion shader. Otherwise billboarding/lighting will not work correctly.
The tree Grass_C must use the Nature/Soft Occlusion shader. Otherwise billboarding/lighting will not work correctly.
The tree Grass_D must use the Nature/Soft Occlusion shader. Otherwise billboarding/lighting will not work correctly.
Tree prefab at index 4 is missing.
Tree prefab at index 5 is missing.
Tree prefab at index 6 is missing.
Tree prefab at index 7 is missing.
Tree prefab at index 8 is missing.
 -> (artifact id: '526561fab1116db6e1d6c034db09ea91') in 0.043714 seconds
Number of updated asset objects reloaded before import = 0
Number of asset objects unloaded after import = 52
========================================================================
Received Import Request.
  Time since last request: 0.000027 seconds.
  path: Assets/Source/Terrain/Terrain_0_0_971ad5c5-2557-4be7-94c6-a80db94cd98b.asset
  artifactKey: Guid(80144d7d747e6e64694cd0c0150cdbbe) Importer(815301076,1909f56bfc062723c751e8b465ee728b)
Start importing Assets/Source/Terrain/Terrain_0_0_971ad5c5-2557-4be7-94c6-a80db94cd98b.asset using Guid(80144d7d747e6e64694cd0c0150cdbbe) Importer(815301076,1909f56bfc062723c751e8b465ee728b)  -> (artifact id: 'a83da4f7cba6f7a705c3c541ea0522e0') in 0.016428 seconds
Number of updated asset objects reloaded before import = 0
Number of asset objects unloaded after import = 3
========================================================================
Received Import Request.
  Time since last request: 0.000024 seconds.
  path: Assets/Source/Terrain/Terrain_0_0_131fab4f-1459-42e4-9948-892707060dc3.asset
  artifactKey: Guid(cb39ab4d3e11b8547ad0382d91d92239) Importer(815301076,1909f56bfc062723c751e8b465ee728b)
Start importing Assets/Source/Terrain/Terrain_0_0_131fab4f-1459-42e4-9948-892707060dc3.asset using Guid(cb39ab4d3e11b8547ad0382d91d92239) Importer(815301076,1909f56bfc062723c751e8b465ee728b)  -> (artifact id: 'e108eabb0f95378023e03c904ee02a69') in 0.018003 seconds
Number of updated asset objects reloaded before import = 0
Number of asset objects unloaded after import = 3
========================================================================
Received Import Request.
  Time since last request: 0.000020 seconds.
  path: Assets/Source/Terrain/TerrainData_eb1107bf-a10f-4bef-85ac-f624f095fd05.asset
  artifactKey: Guid(1e3de789515135447ae6b1971a03e87d) Importer(815301076,1909f56bfc062723c751e8b465ee728b)
Start importing Assets/Source/Terrain/TerrainData_eb1107bf-a10f-4bef-85ac-f624f095fd05.asset using Guid(1e3de789515135447ae6b1971a03e87d) Importer(815301076,1909f56bfc062723c751e8b465ee728b)  -> (artifact id: 'f545ee15f6626ac763b359e63ce47e0d') in 0.025058 seconds
Number of updated asset objects reloaded before import = 0
Number of asset objects unloaded after import = 3
========================================================================
Received Import Request.
  Time since last request: 0.000017 seconds.
  path: Assets/Source/Terrain/TerrainData_ee9063b6-49f7-4a51-bc62-431613ad4d39.asset
  artifactKey: Guid(c8b23b2ccda276c43a5e2c0a3f340b63) Importer(815301076,1909f56bfc062723c751e8b465ee728b)
Start importing Assets/Source/Terrain/TerrainData_ee9063b6-49f7-4a51-bc62-431613ad4d39.asset using Guid(c8b23b2ccda276c43a5e2c0a3f340b63) Importer(815301076,1909f56bfc062723c751e8b465ee728b)  -> (artifact id: 'd4c73c2898f2b1b458dba0977bbde741') in 0.024849 seconds
Number of updated asset objects reloaded before import = 0
Number of asset objects unloaded after import = 3
========================================================================
Received Import Request.
  Time since last request: 0.000027 seconds.
  path: Assets/Source/Terrain/Terrain_0_0_add69345-8249-4344-bb91-f20b11c1e4e8.asset
  artifactKey: Guid(99ea348fc79c6ea4181c431dcbc6722c) Importer(815301076,1909f56bfc062723c751e8b465ee728b)
Start importing Assets/Source/Terrain/Terrain_0_0_add69345-8249-4344-bb91-f20b11c1e4e8.asset using Guid(99ea348fc79c6ea4181c431dcbc6722c) Importer(815301076,1909f56bfc062723c751e8b465ee728b)  -> (artifact id: '8e557ddbc8d410471cdaa417fe524ef1') in 0.011884 seconds
Number of updated asset objects reloaded before import = 0
Number of asset objects unloaded after import = 3
========================================================================
Received Import Request.
  Time since last request: 0.000044 seconds.
  path: Assets/Source/Terrain/TerrainData_34c552d7-2f8c-4b94-baec-2851f78d3ad4.asset
  artifactKey: Guid(9c7c0ebaf0a4c5547b795193e1b5e27a) Importer(815301076,1909f56bfc062723c751e8b465ee728b)
Start importing Assets/Source/Terrain/TerrainData_34c552d7-2f8c-4b94-baec-2851f78d3ad4.asset using Guid(9c7c0ebaf0a4c5547b795193e1b5e27a) Importer(815301076,1909f56bfc062723c751e8b465ee728b)  -> (artifact id: '6adbbc5a386a1b63a6133ba9062572d2') in 0.024547 seconds
Number of updated asset objects reloaded before import = 0
Number of asset objects unloaded after import = 3
========================================================================
Received Import Request.
  Time since last request: 0.000031 seconds.
  path: Assets/Source/Terrain/TerrainData_82990a64-4316-4c50-9a9d-1903f22a8b2a.asset
  artifactKey: Guid(730f7aee96e50404b9742949b2ae2436) Importer(815301076,1909f56bfc062723c751e8b465ee728b)
Start importing Assets/Source/Terrain/TerrainData_82990a64-4316-4c50-9a9d-1903f22a8b2a.asset using Guid(730f7aee96e50404b9742949b2ae2436) Importer(815301076,1909f56bfc062723c751e8b465ee728b)  -> (artifact id: 'f9d4f0d69347b80ca7027ba5d65aff8a') in 0.024033 seconds
Number of updated asset objects reloaded before import = 0
Number of asset objects unloaded after import = 3
========================================================================
Received Import Request.
  Time since last request: 0.000021 seconds.
  path: Assets/Source/Terrain/Terrain_0_0_b1ae4bdc-d4fd-4177-a27a-7edc7abfb383.asset
  artifactKey: Guid(bb2d73cd41a7d2b46903504b7cb33705) Importer(815301076,1909f56bfc062723c751e8b465ee728b)
Start importing Assets/Source/Terrain/Terrain_0_0_b1ae4bdc-d4fd-4177-a27a-7edc7abfb383.asset using Guid(bb2d73cd41a7d2b46903504b7cb33705) Importer(815301076,1909f56bfc062723c751e8b465ee728b)  -> (artifact id: '5f1ad78af3d9b327c748714c21b1283a') in 0.015101 seconds
Number of updated asset objects reloaded before import = 0
Number of asset objects unloaded after import = 3
========================================================================
Received Import Request.
  Time since last request: 0.000024 seconds.
  path: Assets/Source/Terrain/TerrainData_f0d49533-4607-47c4-9f6d-21fe1b24db18.asset
  artifactKey: Guid(30efe6889b6f4154b941b05a6b8037b1) Importer(815301076,1909f56bfc062723c751e8b465ee728b)
Start importing Assets/Source/Terrain/TerrainData_f0d49533-4607-47c4-9f6d-21fe1b24db18.asset using Guid(30efe6889b6f4154b941b05a6b8037b1) Importer(815301076,1909f56bfc062723c751e8b465ee728b)  -> (artifact id: 'c05ee7e852d4556038e043a64cbc302c') in 0.026478 seconds
Number of updated asset objects reloaded before import = 0
Number of asset objects unloaded after import = 3
========================================================================
Received Prepare
Begin MonoManager ReloadAssembly
- Loaded All Assemblies, in  0.363 seconds
Refreshing native plugins compatible for Editor in 1.86 ms, found 3 plugins.
Native extension for WindowsStandalone target not found
Native extension for Android target not found
[Package Manager] Server::EnsureServerProcessIsRunning -- launch failed, reason: Unity was launched with the -noUpm command-line argument
[Package Manager] UpmClient::Send -- Unable to send message (not connected to UPM process).
[Package Manager] Cannot connect to Unity Package Manager local server
Mono: successfully reloaded assembly
- Finished resetting the current domain, in  0.741 seconds
Domain Reload Profiling: 1103ms
	BeginReloadAssembly (142ms)
		ExecutionOrderSort (0ms)
		DisableScriptedObjects (5ms)
		BackupInstance (0ms)
		ReleaseScriptingObjects (0ms)
		CreateAndSetChildDomain (39ms)
	RebuildCommonClasses (31ms)
	RebuildNativeTypeToScriptingClass (9ms)
	initialDomainReloadingComplete (21ms)
	LoadAllAssembliesAndSetupDomain (159ms)
		LoadAssemblies (210ms)
		RebuildTransferFunctionScriptingTraits (0ms)
		AnalyzeDomain (20ms)
			TypeCache.Refresh (8ms)
				TypeCache.ScanAssembly (1ms)
			ScanForSourceGeneratedMonoScriptInfo (6ms)
			ResolveRequiredComponents (5ms)
	FinalizeReload (742ms)
		ReleaseScriptCaches (0ms)
		RebuildScriptCaches (0ms)
		SetupLoadedEditorAssemblies (368ms)
			LogAssemblyErrors (0ms)
			InitializePlatformSupportModulesInManaged (21ms)
			SetLoadedEditorAssemblies (3ms)
			RefreshPlugins (0ms)
			BeforeProcessingInitializeOnLoad (50ms)
			ProcessInitializeOnLoadAttributes (278ms)
			ProcessInitializeOnLoadMethodAttributes (14ms)
			AfterProcessingInitializeOnLoad (2ms)
			EditorAssembliesLoaded (0ms)
		ExecutionOrderSort2 (0ms)
		AwakeInstancesAfterBackupRestoration (4ms)
Refreshing native plugins compatible for Editor in 1.95 ms, found 3 plugins.
Preloading 0 native plugins for Editor in 0.00 ms.
Unloading 3475 Unused Serialized files (Serialized files now loaded: 0)
Unloading 40 unused Assets / (1.5 MB). Loaded Objects now: 4030.
Memory consumption went from 160.2 MB to 158.7 MB.
Total: 2.835300 ms (FindLiveObjects: 0.267000 ms CreateObjectMapping: 0.105400 ms MarkObjects: 2.009100 ms  DeleteObjects: 0.452800 ms)

Prepare: number of updated asset objects reloaded= 0
AssetImportParameters requested are different than current active one (requested -> active):
  custom:container-demuxer-ogg: 62fdf1f143b41e24485cea50d1cbac27 -> 
  custom:video-decoder-ogg-theora: a1e56fd34408186e4bbccfd4996cb3dc -> 
  custom:framework-win-MediaFoundation: 216162199b28c13a410421893ffa2e32 -> 
  custom:CustomObjectIndexerAttribute: 756ad292c208cfabdd7b50bc23989ffe -> 
  custom:container-demuxer-webm: 4f35f7cbe854078d1ac9338744f61a02 -> 
  custom:container-muxer-webm: aa71ff27fc2769a1b78a27578f13a17b -> 
  custom:video-decoder-webm-vp8: 9c59270c3fd7afecdb556c50c9e8de78 -> 
  custom:SearchIndexIgnoredProperties: e643bd26f0fe6173181afceb89e7c659 -> 
  custom:AudioImporter_EditorPlatform: d09bf68614088b80899f8185d706f6e7 -> 
  custom:video-encoder-webm-vp8: eb34c28f22e8b96e1ab97ce403110664 -> 
  custom:audio-decoder-ogg-vorbis: bf7c407c2cedff20999df2af8eb42d56 -> 
  custom:audio-encoder-webm-vorbis: bf7c407c2cedff20999df2af8eb42d56 -> 
========================================================================
Received Prepare
Begin MonoManager ReloadAssembly
- Loaded All Assemblies, in  0.350 seconds
Refreshing native plugins compatible for Editor in 1.87 ms, found 3 plugins.
Native extension for WindowsStandalone target not found
Native extension for Android target not found
[Package Manager] Server::EnsureServerProcessIsRunning -- launch failed, reason: Unity was launched with the -noUpm command-line argument
[Package Manager] UpmClient::Send -- Unable to send message (not connected to UPM process).
[Package Manager] Cannot connect to Unity Package Manager local server
Mono: successfully reloaded assembly
- Finished resetting the current domain, in  0.759 seconds
Domain Reload Profiling: 1109ms
	BeginReloadAssembly (126ms)
		ExecutionOrderSort (0ms)
		DisableScriptedObjects (4ms)
		BackupInstance (0ms)
		ReleaseScriptingObjects (0ms)
		CreateAndSetChildDomain (32ms)
	RebuildCommonClasses (26ms)
	RebuildNativeTypeToScriptingClass (10ms)
	initialDomainReloadingComplete (19ms)
	LoadAllAssembliesAndSetupDomain (168ms)
		LoadAssemblies (210ms)
		RebuildTransferFunctionScriptingTraits (0ms)
		AnalyzeDomain (22ms)
			TypeCache.Refresh (10ms)
				TypeCache.ScanAssembly (1ms)
			ScanForSourceGeneratedMonoScriptInfo (6ms)
			ResolveRequiredComponents (5ms)
	FinalizeReload (760ms)
		ReleaseScriptCaches (0ms)
		RebuildScriptCaches (0ms)
		SetupLoadedEditorAssemblies (365ms)
			LogAssemblyErrors (0ms)
			InitializePlatformSupportModulesInManaged (18ms)
			SetLoadedEditorAssemblies (4ms)
			RefreshPlugins (0ms)
			BeforeProcessingInitializeOnLoad (50ms)
			ProcessInitializeOnLoadAttributes (276ms)
			ProcessInitializeOnLoadMethodAttributes (15ms)
			AfterProcessingInitializeOnLoad (2ms)
			EditorAssembliesLoaded (0ms)
		ExecutionOrderSort2 (0ms)
		AwakeInstancesAfterBackupRestoration (4ms)
Refreshing native plugins compatible for Editor in 1.82 ms, found 3 plugins.
Preloading 0 native plugins for Editor in 0.00 ms.
Unloading 3476 Unused Serialized files (Serialized files now loaded: 0)
Unloading 40 unused Assets / (1.5 MB). Loaded Objects now: 4045.
Memory consumption went from 160.5 MB to 159.0 MB.
Total: 2.708100 ms (FindLiveObjects: 0.255900 ms CreateObjectMapping: 0.096700 ms MarkObjects: 1.932100 ms  DeleteObjects: 0.422100 ms)

Prepare: number of updated asset objects reloaded= 5
AssetImportParameters requested are different than current active one (requested -> active):
  custom:container-demuxer-ogg: 62fdf1f143b41e24485cea50d1cbac27 -> 
  custom:video-decoder-ogg-theora: a1e56fd34408186e4bbccfd4996cb3dc -> 
  custom:framework-win-MediaFoundation: 216162199b28c13a410421893ffa2e32 -> 
  custom:CustomObjectIndexerAttribute: 756ad292c208cfabdd7b50bc23989ffe -> 
  custom:container-demuxer-webm: 4f35f7cbe854078d1ac9338744f61a02 -> 
  custom:container-muxer-webm: aa71ff27fc2769a1b78a27578f13a17b -> 
  custom:video-decoder-webm-vp8: 9c59270c3fd7afecdb556c50c9e8de78 -> 
  custom:SearchIndexIgnoredProperties: e643bd26f0fe6173181afceb89e7c659 -> 
  custom:AudioImporter_EditorPlatform: d09bf68614088b80899f8185d706f6e7 -> 
  custom:video-encoder-webm-vp8: eb34c28f22e8b96e1ab97ce403110664 -> 
  custom:audio-decoder-ogg-vorbis: bf7c407c2cedff20999df2af8eb42d56 -> 
  custom:audio-encoder-webm-vorbis: bf7c407c2cedff20999df2af8eb42d56 -> 
========================================================================
Received Import Request.
  Time since last request: 28.715439 seconds.
  path: Assets/Source/TerrainSource/TerrainSampleAssets/Models
  artifactKey: Guid(a1bf8640a3ac9344fa3714a5a9561084) Importer(815301076,1909f56bfc062723c751e8b465ee728b)
Start importing Assets/Source/TerrainSource/TerrainSampleAssets/Models using Guid(a1bf8640a3ac9344fa3714a5a9561084) Importer(815301076,1909f56bfc062723c751e8b465ee728b)  -> (artifact id: '43e525e1c4b0166ee03850eb67722215') in 0.006910 seconds
Number of updated asset objects reloaded before import = 0
Number of asset objects unloaded after import = 0
========================================================================
Received Import Request.
  Time since last request: 0.040465 seconds.
  path: Assets/Source/TerrainSource/TerrainSampleAssets/Models/Bush_A.asset
  artifactKey: Guid(0c4301a6ce8e5964c8df62a78aca15d1) Importer(815301076,1909f56bfc062723c751e8b465ee728b)
Start importing Assets/Source/TerrainSource/TerrainSampleAssets/Models/Bush_A.asset using Guid(0c4301a6ce8e5964c8df62a78aca15d1) Importer(815301076,1909f56bfc062723c751e8b465ee728b)  -> (artifact id: 'beb5fb46045777b2bc3ae5fd99cf0449') in 0.079052 seconds
Number of updated asset objects reloaded before import = 0
Number of asset objects unloaded after import = 2
========================================================================
Received Import Request.
  Time since last request: 0.000023 seconds.
  path: Assets/Source/TerrainSource/TerrainSampleAssets/Models/GrassDry_C.asset
  artifactKey: Guid(9a249c33299836d45ae597069d9324e2) Importer(815301076,1909f56bfc062723c751e8b465ee728b)
Start importing Assets/Source/TerrainSource/TerrainSampleAssets/Models/GrassDry_C.asset using Guid(9a249c33299836d45ae597069d9324e2) Importer(815301076,1909f56bfc062723c751e8b465ee728b)  -> (artifact id: '59c6f10c08e3bcc9b3204c1e0e114751') in 0.021634 seconds
Number of updated asset objects reloaded before import = 0
Number of asset objects unloaded after import = 2
========================================================================
Received Import Request.
  Time since last request: 0.000019 seconds.
  path: Assets/Source/TerrainSource/TerrainSampleAssets/Models/Grass_D.asset
  artifactKey: Guid(15afb6df1db838d409d503b01fb48944) Importer(815301076,1909f56bfc062723c751e8b465ee728b)
Start importing Assets/Source/TerrainSource/TerrainSampleAssets/Models/Grass_D.asset using Guid(15afb6df1db838d409d503b01fb48944) Importer(815301076,1909f56bfc062723c751e8b465ee728b)  -> (artifact id: '779cf7229d94a7aa520312698fa1cc70') in 0.014733 seconds
Number of updated asset objects reloaded before import = 0
Number of asset objects unloaded after import = 2
========================================================================
Received Import Request.
  Time since last request: 0.000013 seconds.
  path: Assets/Source/TerrainSource/TerrainSampleAssets/Models/Heather_A.asset
  artifactKey: Guid(211a44eba6f5ca34ea3d3ac34bbc3469) Importer(815301076,1909f56bfc062723c751e8b465ee728b)
Start importing Assets/Source/TerrainSource/TerrainSampleAssets/Models/Heather_A.asset using Guid(211a44eba6f5ca34ea3d3ac34bbc3469) Importer(815301076,1909f56bfc062723c751e8b465ee728b)  -> (artifact id: '38254806de1aa45fcfb02354b9c2d744') in 0.011820 seconds
Number of updated asset objects reloaded before import = 0
Number of asset objects unloaded after import = 2
========================================================================
Received Import Request.
  Time since last request: 0.000016 seconds.
  path: Assets/Source/TerrainSource/TerrainSampleAssets/Models/Plant_D.asset
  artifactKey: Guid(6a7e8cd5e1ea8794c838b902529f257c) Importer(815301076,1909f56bfc062723c751e8b465ee728b)
Start importing Assets/Source/TerrainSource/TerrainSampleAssets/Models/Plant_D.asset using Guid(6a7e8cd5e1ea8794c838b902529f257c) Importer(815301076,1909f56bfc062723c751e8b465ee728b)  -> (artifact id: '8e8c4f0911562815e9559a2162d35c01') in 0.019614 seconds
Number of updated asset objects reloaded before import = 0
Number of asset objects unloaded after import = 2
========================================================================
Received Import Request.
  Time since last request: 0.000018 seconds.
  path: Assets/Source/TerrainSource/TerrainSampleAssets/Models/Plant_C.asset
  artifactKey: Guid(c671cabf34dd5314ca28492ced9c9001) Importer(815301076,1909f56bfc062723c751e8b465ee728b)
Start importing Assets/Source/TerrainSource/TerrainSampleAssets/Models/Plant_C.asset using Guid(c671cabf34dd5314ca28492ced9c9001) Importer(815301076,1909f56bfc062723c751e8b465ee728b)  -> (artifact id: '9e5fba4a0c271be79c56b455294a623a') in 0.017539 seconds
Number of updated asset objects reloaded before import = 0
Number of asset objects unloaded after import = 2
========================================================================
Received Import Request.
  Time since last request: 0.000014 seconds.
  path: Assets/Source/TerrainSource/TerrainSampleAssets/Models/Plant_B.asset
  artifactKey: Guid(97025d35e5b57294f92451cbaf836c12) Importer(815301076,1909f56bfc062723c751e8b465ee728b)
Start importing Assets/Source/TerrainSource/TerrainSampleAssets/Models/Plant_B.asset using Guid(97025d35e5b57294f92451cbaf836c12) Importer(815301076,1909f56bfc062723c751e8b465ee728b)  -> (artifact id: '646d5e808c08bc6f7ea02da0704bdabe') in 0.017121 seconds
Number of updated asset objects reloaded before import = 0
Number of asset objects unloaded after import = 2
========================================================================
Received Import Request.
  Time since last request: 1.752231 seconds.
  path: Assets/Source/TerrainSource/TerrainSampleAssets/Prefabs
  artifactKey: Guid(96d928f51cac350499225a93778e20cf) Importer(815301076,1909f56bfc062723c751e8b465ee728b)
Start importing Assets/Source/TerrainSource/TerrainSampleAssets/Prefabs using Guid(96d928f51cac350499225a93778e20cf) Importer(815301076,1909f56bfc062723c751e8b465ee728b)  -> (artifact id: '63c9485a8cfdfc5f54802084fecc8c3a') in 0.000470 seconds
Number of updated asset objects reloaded before import = 0
Number of asset objects unloaded after import = 0
========================================================================
Received Import Request.
  Time since last request: 8.197359 seconds.
  path: Assets/Source/TerrainSource/TerrainSampleAssets/Materials
  artifactKey: Guid(2aec11f43f8ed014b961b28ac00ab436) Importer(815301076,1909f56bfc062723c751e8b465ee728b)
Start importing Assets/Source/TerrainSource/TerrainSampleAssets/Materials using Guid(2aec11f43f8ed014b961b28ac00ab436) Importer(815301076,1909f56bfc062723c751e8b465ee728b)  -> (artifact id: 'ed60b369eaa81352349b40bb722cfd96') in 0.000499 seconds
Number of updated asset objects reloaded before import = 0
Number of asset objects unloaded after import = 0
========================================================================
Received Import Request.
  Time since last request: 0.052083 seconds.
  path: Assets/Source/TerrainSource/TerrainSampleAssets/Materials/Bush.asset
  artifactKey: Guid(a48ad8aadb27f004390383c89862e6f3) Importer(815301076,1909f56bfc062723c751e8b465ee728b)
Start importing Assets/Source/TerrainSource/TerrainSampleAssets/Materials/Bush.asset using Guid(a48ad8aadb27f004390383c89862e6f3) Importer(815301076,1909f56bfc062723c751e8b465ee728b)  -> (artifact id: 'e218bd5a84cc45e8f2ee02ed9ebbd760') in 0.030998 seconds
Number of updated asset objects reloaded before import = 0
Number of asset objects unloaded after import = 4
========================================================================
Received Import Request.
  Time since last request: 0.000018 seconds.
  path: Assets/Source/TerrainSource/TerrainSampleAssets/Materials/Grass.asset
  artifactKey: Guid(fc123ab8f2eb56945b5849155624e2c0) Importer(815301076,1909f56bfc062723c751e8b465ee728b)
Start importing Assets/Source/TerrainSource/TerrainSampleAssets/Materials/Grass.asset using Guid(fc123ab8f2eb56945b5849155624e2c0) Importer(815301076,1909f56bfc062723c751e8b465ee728b)  -> (artifact id: 'a853db2f5d6fb0a0a26fe6fae29d2b73') in 0.007630 seconds
Number of updated asset objects reloaded before import = 0
Number of asset objects unloaded after import = 5
========================================================================
Received Import Request.
  Time since last request: 0.000013 seconds.
  path: Assets/Source/TerrainSource/TerrainSampleAssets/Materials/Plant.asset
  artifactKey: Guid(f53f3a3078db3cd4a9bcd875d3b2a557) Importer(815301076,1909f56bfc062723c751e8b465ee728b)
Start importing Assets/Source/TerrainSource/TerrainSampleAssets/Materials/Plant.asset using Guid(f53f3a3078db3cd4a9bcd875d3b2a557) Importer(815301076,1909f56bfc062723c751e8b465ee728b)  -> (artifact id: '7205ba8a2724fbe500b19dc7255537ce') in 0.009201 seconds
Number of updated asset objects reloaded before import = 0
Number of asset objects unloaded after import = 5
========================================================================
Received Import Request.
  Time since last request: 226.927092 seconds.
  path: Assets/Source/Water
  artifactKey: Guid(317cd63b6acc23a448840a745695b0aa) Importer(815301076,1909f56bfc062723c751e8b465ee728b)
Start importing Assets/Source/Water using Guid(317cd63b6acc23a448840a745695b0aa) Importer(815301076,1909f56bfc062723c751e8b465ee728b)  -> (artifact id: 'f3bdb2061d78c590c85cddbce5c26a62') in 0.001051 seconds
Number of updated asset objects reloaded before import = 0
Number of asset objects unloaded after import = 0
========================================================================
Received Prepare
Begin MonoManager ReloadAssembly
- Loaded All Assemblies, in  0.349 seconds
Refreshing native plugins compatible for Editor in 1.86 ms, found 3 plugins.
Native extension for WindowsStandalone target not found
Native extension for Android target not found
[Package Manager] Server::EnsureServerProcessIsRunning -- launch failed, reason: Unity was launched with the -noUpm command-line argument
[Package Manager] UpmClient::Send -- Unable to send message (not connected to UPM process).
[Package Manager] Cannot connect to Unity Package Manager local server
Mono: successfully reloaded assembly
- Finished resetting the current domain, in  0.746 seconds
Domain Reload Profiling: 1094ms
	BeginReloadAssembly (127ms)
		ExecutionOrderSort (0ms)
		DisableScriptedObjects (3ms)
		BackupInstance (0ms)
		ReleaseScriptingObjects (0ms)
		CreateAndSetChildDomain (34ms)
	RebuildCommonClasses (26ms)
	RebuildNativeTypeToScriptingClass (9ms)
	initialDomainReloadingComplete (19ms)
	LoadAllAssembliesAndSetupDomain (167ms)
		LoadAssemblies (202ms)
		RebuildTransferFunctionScriptingTraits (0ms)
		AnalyzeDomain (25ms)
			TypeCache.Refresh (11ms)
				TypeCache.ScanAssembly (2ms)
			ScanForSourceGeneratedMonoScriptInfo (6ms)
			ResolveRequiredComponents (6ms)
	FinalizeReload (746ms)
		ReleaseScriptCaches (0ms)
		RebuildScriptCaches (0ms)
		SetupLoadedEditorAssemblies (365ms)
			LogAssemblyErrors (0ms)
			InitializePlatformSupportModulesInManaged (24ms)
			SetLoadedEditorAssemblies (3ms)
			RefreshPlugins (0ms)
			BeforeProcessingInitializeOnLoad (47ms)
			ProcessInitializeOnLoadAttributes (275ms)
			ProcessInitializeOnLoadMethodAttributes (14ms)
			AfterProcessingInitializeOnLoad (2ms)
			EditorAssembliesLoaded (0ms)
		ExecutionOrderSort2 (0ms)
		AwakeInstancesAfterBackupRestoration (4ms)
Refreshing native plugins compatible for Editor in 2.00 ms, found 3 plugins.
Preloading 0 native plugins for Editor in 0.00 ms.
Unloading 3592 Unused Serialized files (Serialized files now loaded: 0)
Unloading 71 unused Assets / (14.2 MB). Loaded Objects now: 4188.
Memory consumption went from 184.4 MB to 170.2 MB.
Total: 4.276200 ms (FindLiveObjects: 0.379600 ms CreateObjectMapping: 0.136100 ms MarkObjects: 2.354200 ms  DeleteObjects: 1.405400 ms)

Prepare: number of updated asset objects reloaded= 0
AssetImportParameters requested are different than current active one (requested -> active):
  custom:container-demuxer-ogg: 62fdf1f143b41e24485cea50d1cbac27 -> 
  custom:video-decoder-ogg-theora: a1e56fd34408186e4bbccfd4996cb3dc -> 
  custom:framework-win-MediaFoundation: 216162199b28c13a410421893ffa2e32 -> 
  custom:CustomObjectIndexerAttribute: 756ad292c208cfabdd7b50bc23989ffe -> 
  custom:container-demuxer-webm: 4f35f7cbe854078d1ac9338744f61a02 -> 
  custom:container-muxer-webm: aa71ff27fc2769a1b78a27578f13a17b -> 
  custom:video-decoder-webm-vp8: 9c59270c3fd7afecdb556c50c9e8de78 -> 
  custom:SearchIndexIgnoredProperties: e643bd26f0fe6173181afceb89e7c659 -> 
  custom:AudioImporter_EditorPlatform: d09bf68614088b80899f8185d706f6e7 -> 
  custom:video-encoder-webm-vp8: eb34c28f22e8b96e1ab97ce403110664 -> 
  custom:audio-decoder-ogg-vorbis: bf7c407c2cedff20999df2af8eb42d56 -> 
  custom:audio-encoder-webm-vorbis: bf7c407c2cedff20999df2af8eb42d56 -> 
========================================================================
Received Import Request.
  Time since last request: 104.600374 seconds.
  path: Assets/Source/Water/#NVJOB Water Shaders V2/Water.prefab
  artifactKey: Guid(3d40b77e1b2270444a74593fe5609a89) Importer(815301076,1909f56bfc062723c751e8b465ee728b)
Start importing Assets/Source/Water/#NVJOB Water Shaders V2/Water.prefab using Guid(3d40b77e1b2270444a74593fe5609a89) Importer(815301076,1909f56bfc062723c751e8b465ee728b)  -> (artifact id: '20b1c9abaedff04d628f519d7456e164') in 0.428584 seconds
Number of updated asset objects reloaded before import = 0
Number of asset objects unloaded after import = 43
========================================================================
Received Import Request.
  Time since last request: 141.670246 seconds.
  path: Assets/TextMesh Pro/Examples & Extras/Resources/Fonts & Materials/Anton SDF - Drop Shadow.mat
  artifactKey: Guid(749b9069dc4742c5bfa5c74644049926) Importer(815301076,1909f56bfc062723c751e8b465ee728b)
Start importing Assets/TextMesh Pro/Examples & Extras/Resources/Fonts & Materials/Anton SDF - Drop Shadow.mat using Guid(749b9069dc4742c5bfa5c74644049926) Importer(815301076,1909f56bfc062723c751e8b465ee728b)  -> (artifact id: 'a97a5c78dea5de9e750b39faae3d71b3') in 0.083603 seconds
Number of updated asset objects reloaded before import = 0
Number of asset objects unloaded after import = 2
========================================================================
Received Import Request.
  Time since last request: 0.000018 seconds.
  path: Assets/Source/Water/#NVJOB Water Shaders V2/Example Scenes/Environment/Rainbow/Rainbow.prefab
  artifactKey: Guid(97768f613245426fb1fc4145b06b5c8a) Importer(815301076,1909f56bfc062723c751e8b465ee728b)
Start importing Assets/Source/Water/#NVJOB Water Shaders V2/Example Scenes/Environment/Rainbow/Rainbow.prefab using Guid(97768f613245426fb1fc4145b06b5c8a) Importer(815301076,1909f56bfc062723c751e8b465ee728b)  -> (artifact id: 'ec0f1152c1e8c4cf31edf677f27804e2') in 0.034884 seconds
Number of updated asset objects reloaded before import = 0
Number of asset objects unloaded after import = 9
========================================================================
Received Import Request.
  Time since last request: 0.000018 seconds.
  path: Assets/Source/Water/#NVJOB Water Shaders V2/Example Scenes/PostProcessing/Editor Resources/Monitors/WaveformCompute.compute
  artifactKey: Guid(d970fa6dd10f4cd8b7a6ff62cfb4d77e) Importer(815301076,1909f56bfc062723c751e8b465ee728b)
Start importing Assets/Source/Water/#NVJOB Water Shaders V2/Example Scenes/PostProcessing/Editor Resources/Monitors/WaveformCompute.compute using Guid(d970fa6dd10f4cd8b7a6ff62cfb4d77e) Importer(815301076,1909f56bfc062723c751e8b465ee728b)  -> (artifact id: 'cc2317f7bf491a63cd8764e3495119de') in 0.001433 seconds
Number of updated asset objects reloaded before import = 0
Number of asset objects unloaded after import = 1
========================================================================
Received Import Request.
  Time since last request: 0.000023 seconds.
  path: Assets/Source/Water/#NVJOB Water Shaders V2/Example Scenes/PostProcessing/Utilities/CustomMotionTexture/Materials/WheelMotionVectors.mat
  artifactKey: Guid(6f8e1b3731e042e8a9a4b9b53b6fcb80) Importer(815301076,1909f56bfc062723c751e8b465ee728b)
Start importing Assets/Source/Water/#NVJOB Water Shaders V2/Example Scenes/PostProcessing/Utilities/CustomMotionTexture/Materials/WheelMotionVectors.mat using Guid(6f8e1b3731e042e8a9a4b9b53b6fcb80) Importer(815301076,1909f56bfc062723c751e8b465ee728b)  -> (artifact id: '2c2b0480498501daf7934329cac7eb48') in 0.010111 seconds
Number of updated asset objects reloaded before import = 0
Number of asset objects unloaded after import = 3
========================================================================
Received Import Request.
  Time since last request: 0.000016 seconds.
  path: Assets/TextMesh Pro/Examples & Extras/Resources/Fonts & Materials/Electronic Highway Sign SDF.asset
  artifactKey: Guid(dc36b3fdc14f47ebb36fd484a67e268a) Importer(815301076,1909f56bfc062723c751e8b465ee728b)
Start importing Assets/TextMesh Pro/Examples & Extras/Resources/Fonts & Materials/Electronic Highway Sign SDF.asset using Guid(dc36b3fdc14f47ebb36fd484a67e268a) Importer(815301076,1909f56bfc062723c751e8b465ee728b)  -> (artifact id: '8a28779fff4ee0083a9bc6ac1355b88b') in 0.042686 seconds
Number of updated asset objects reloaded before import = 0
Number of asset objects unloaded after import = 6
========================================================================
Received Import Request.
  Time since last request: 0.000021 seconds.
  path: Assets/Source/Water/#NVJOB Water Shaders V2/#NVJOB Water Shaders V2/NvWaters.cginc
  artifactKey: Guid(6fe7f708b278472289c5ca0c9bd99002) Importer(815301076,1909f56bfc062723c751e8b465ee728b)
Start importing Assets/Source/Water/#NVJOB Water Shaders V2/#NVJOB Water Shaders V2/NvWaters.cginc using Guid(6fe7f708b278472289c5ca0c9bd99002) Importer(815301076,1909f56bfc062723c751e8b465ee728b)  -> (artifact id: '2ec1e7f26a60554336ac293412b94340') in 0.000859 seconds
Number of updated asset objects reloaded before import = 0
Number of asset objects unloaded after import = 1
========================================================================
Received Import Request.
  Time since last request: 0.000012 seconds.
  path: Assets/Source/Water/#NVJOB Water Shaders V2/Example Scenes/Environment/Rainbow/Materials/Rainbow.mat
  artifactKey: Guid(f77540c7cdf74abfae0fe19428d6fa93) Importer(815301076,1909f56bfc062723c751e8b465ee728b)
Start importing Assets/Source/Water/#NVJOB Water Shaders V2/Example Scenes/Environment/Rainbow/Materials/Rainbow.mat using Guid(f77540c7cdf74abfae0fe19428d6fa93) Importer(815301076,1909f56bfc062723c751e8b465ee728b)  -> (artifact id: 'd454aad812350cfdf721fa36347b17a0') in 0.022727 seconds
Number of updated asset objects reloaded before import = 0
Number of asset objects unloaded after import = 3
========================================================================
Received Import Request.
  Time since last request: 0.000020 seconds.
  path: Assets/Source/Water/#NVJOB Water Shaders V2/Examples Water/Materials/Water Surface.mat
  artifactKey: Guid(4ebf5c060eba48729e051aead702c3f4) Importer(815301076,1909f56bfc062723c751e8b465ee728b)
Start importing Assets/Source/Water/#NVJOB Water Shaders V2/Examples Water/Materials/Water Surface.mat using Guid(4ebf5c060eba48729e051aead702c3f4) Importer(815301076,1909f56bfc062723c751e8b465ee728b)  -> (artifact id: 'a3afb1f7cdeeea502c0e22082e182e02') in 0.023201 seconds
Number of updated asset objects reloaded before import = 0
Number of asset objects unloaded after import = 8
========================================================================
Received Import Request.
  Time since last request: 0.000014 seconds.
  path: Assets/TextMesh Pro/Examples & Extras/Textures/Wipe Pattern - Radial Quad.psd
  artifactKey: Guid(2b5e9ae96c5644d8bae932f8b4ca68a2) Importer(815301076,1909f56bfc062723c751e8b465ee728b)
Start importing Assets/TextMesh Pro/Examples & Extras/Textures/Wipe Pattern - Radial Quad.psd using Guid(2b5e9ae96c5644d8bae932f8b4ca68a2) Importer(815301076,1909f56bfc062723c751e8b465ee728b)  -> (artifact id: 'd93e848381c0c88c0702a4aa0f092485') in 0.013256 seconds
Number of updated asset objects reloaded before import = 0
Number of asset objects unloaded after import = 2
========================================================================
Received Import Request.
  Time since last request: 0.000020 seconds.
  path: Assets/Source/Water/#NVJOB Water Shaders V2/Example Scenes/Scenes/Example 2/dwqdw.giparams
  artifactKey: Guid(56eb9e01428fb1b4faa8c904b9e38925) Importer(815301076,1909f56bfc062723c751e8b465ee728b)
Start importing Assets/Source/Water/#NVJOB Water Shaders V2/Example Scenes/Scenes/Example 2/dwqdw.giparams using Guid(56eb9e01428fb1b4faa8c904b9e38925) Importer(815301076,1909f56bfc062723c751e8b465ee728b)  -> (artifact id: '62cfdbb57a03e6ceb95ea2851eca3e15') in 0.001224 seconds
Number of updated asset objects reloaded before import = 0
Number of asset objects unloaded after import = 1
========================================================================
Received Import Request.
  Time since last request: 0.000018 seconds.
  path: Assets/TextMesh Pro/Examples & Extras/Fonts/Oswald-Bold.ttf
  artifactKey: Guid(c9f6d0e7bc8541498c9a4799ba184ede) Importer(815301076,1909f56bfc062723c751e8b465ee728b)
Start importing Assets/TextMesh Pro/Examples & Extras/Fonts/Oswald-Bold.ttf using Guid(c9f6d0e7bc8541498c9a4799ba184ede) Importer(815301076,1909f56bfc062723c751e8b465ee728b)  -> (artifact id: 'ad0f5fb7ce287f3943c453a0870f16d0') in 0.018443 seconds
Number of updated asset objects reloaded before import = 0
Number of asset objects unloaded after import = 4
========================================================================
Received Import Request.
  Time since last request: 0.000022 seconds.
  path: Assets/TextMesh Pro/Examples & Extras/Resources/Fonts & Materials/Roboto-Bold SDF - Drop Shadow.mat
  artifactKey: Guid(b246c4190f4e46ec9352fe15a7b09ce0) Importer(815301076,1909f56bfc062723c751e8b465ee728b)
Start importing Assets/TextMesh Pro/Examples & Extras/Resources/Fonts & Materials/Roboto-Bold SDF - Drop Shadow.mat using Guid(b246c4190f4e46ec9352fe15a7b09ce0) Importer(815301076,1909f56bfc062723c751e8b465ee728b)  -> (artifact id: 'e689c4a4128c14cafc6d7c78cb0738d4') in 0.018195 seconds
Number of updated asset objects reloaded before import = 0
Number of asset objects unloaded after import = 2
========================================================================
Received Import Request.
  Time since last request: 0.000017 seconds.
  path: Assets/TextMesh Pro/Examples & Extras/Textures/Wipe Pattern - Circle.psd
  artifactKey: Guid(10c49fcd9c64421db7c0133e61e55f97) Importer(815301076,1909f56bfc062723c751e8b465ee728b)
Start importing Assets/TextMesh Pro/Examples & Extras/Textures/Wipe Pattern - Circle.psd using Guid(10c49fcd9c64421db7c0133e61e55f97) Importer(815301076,1909f56bfc062723c751e8b465ee728b)  -> (artifact id: '1454a4e60694eebcf7c23810127beb47') in 0.012845 seconds
Number of updated asset objects reloaded before import = 0
Number of asset objects unloaded after import = 2
========================================================================
Received Import Request.
  Time since last request: 0.000021 seconds.
  path: Assets/Source/TerrainSource/TerrainSampleAssets/Textures/Terrain/Snow_Normal.tif
  artifactKey: Guid(baca4d94b1d1d8046ab52ce1570a24c7) Importer(815301076,1909f56bfc062723c751e8b465ee728b)
Start importing Assets/Source/TerrainSource/TerrainSampleAssets/Textures/Terrain/Snow_Normal.tif using Guid(baca4d94b1d1d8046ab52ce1570a24c7) Importer(815301076,1909f56bfc062723c751e8b465ee728b)  -> (artifact id: '8fb2bf9b3b2c14e966d3ecf45b8ffa14') in 0.025216 seconds
Number of updated asset objects reloaded before import = 0
Number of asset objects unloaded after import = 2
========================================================================
Received Import Request.
  Time since last request: 0.000030 seconds.
  path: Assets/Source/Water/#NVJOB Water Shaders V2/Examples Water/Materials/Textures/Water N 0.png
  artifactKey: Guid(e7ee2ee1e448437e8de9a957ccc37298) Importer(815301076,1909f56bfc062723c751e8b465ee728b)
Start importing Assets/Source/Water/#NVJOB Water Shaders V2/Examples Water/Materials/Textures/Water N 0.png using Guid(e7ee2ee1e448437e8de9a957ccc37298) Importer(815301076,1909f56bfc062723c751e8b465ee728b)  -> (artifact id: '066622486021dc4d7887ba5aa5d01580') in 0.017731 seconds
Number of updated asset objects reloaded before import = 0
Number of asset objects unloaded after import = 2
========================================================================
Received Import Request.
  Time since last request: 0.000031 seconds.
  path: Assets/Source/Water/#NVJOB Water Shaders V2/Examples Water/Materials/Water Specular.mat
  artifactKey: Guid(cb828776dbc84113ad97bd57cdf21b26) Importer(815301076,1909f56bfc062723c751e8b465ee728b)
Start importing Assets/Source/Water/#NVJOB Water Shaders V2/Examples Water/Materials/Water Specular.mat using Guid(cb828776dbc84113ad97bd57cdf21b26) Importer(815301076,1909f56bfc062723c751e8b465ee728b)  -> (artifact id: '6c0949c166c8ea70344297f36fd2151a') in 0.564728 seconds
Number of updated asset objects reloaded before import = 0
Number of asset objects unloaded after import = 7
========================================================================
Received Import Request.
  Time since last request: 0.000023 seconds.
  path: Assets/TextMesh Pro/Resources/Fonts & Materials/LiberationSans SDF - Drop Shadow.mat
  artifactKey: Guid(e73a58f6e2794ae7b1b7e50b7fb811b0) Importer(815301076,1909f56bfc062723c751e8b465ee728b)
Start importing Assets/TextMesh Pro/Resources/Fonts & Materials/LiberationSans SDF - Drop Shadow.mat using Guid(e73a58f6e2794ae7b1b7e50b7fb811b0) Importer(815301076,1909f56bfc062723c751e8b465ee728b)  -> (artifact id: '04b194ecee76490698e541250d54f75f') in 0.028429 seconds
Number of updated asset objects reloaded before import = 0
Number of asset objects unloaded after import = 2
========================================================================
Received Import Request.
  Time since last request: 0.000035 seconds.
  path: Assets/Source/Water/#NVJOB Water Shaders V2/Examples Water/Materials/Textures/Water A 0.png
  artifactKey: Guid(d6840f77873948aeba2cdce3985ccf47) Importer(815301076,1909f56bfc062723c751e8b465ee728b)
Start importing Assets/Source/Water/#NVJOB Water Shaders V2/Examples Water/Materials/Textures/Water A 0.png using Guid(d6840f77873948aeba2cdce3985ccf47) Importer(815301076,1909f56bfc062723c751e8b465ee728b)  -> (artifact id: '2347657a1fee5958c965bafd27a4b9bc') in 0.017435 seconds
Number of updated asset objects reloaded before import = 0
Number of asset objects unloaded after import = 2
========================================================================
Received Import Request.
  Time since last request: 0.000017 seconds.
  path: Assets/TextMesh Pro/Examples & Extras/Resources/Fonts & Materials/Bangers SDF Glow.mat
  artifactKey: Guid(d75b8f41e959450c84ac6e967084d3e1) Importer(815301076,1909f56bfc062723c751e8b465ee728b)
Start importing Assets/TextMesh Pro/Examples & Extras/Resources/Fonts & Materials/Bangers SDF Glow.mat using Guid(d75b8f41e959450c84ac6e967084d3e1) Importer(815301076,1909f56bfc062723c751e8b465ee728b)  -> (artifact id: '2def151a1c3c4f9a0a9aa84f85fa5f9c') in 0.089335 seconds
Number of updated asset objects reloaded before import = 0
Number of asset objects unloaded after import = 3
========================================================================
Received Import Request.
  Time since last request: 0.000018 seconds.
  path: Assets/TextMesh Pro/Examples & Extras/Textures/Fruit Jelly (B&W).jpg
  artifactKey: Guid(1cdc5b506b1a4a33a53c30669ced1f51) Importer(815301076,1909f56bfc062723c751e8b465ee728b)
Start importing Assets/TextMesh Pro/Examples & Extras/Textures/Fruit Jelly (B&W).jpg using Guid(1cdc5b506b1a4a33a53c30669ced1f51) Importer(815301076,1909f56bfc062723c751e8b465ee728b)  -> (artifact id: 'e328a807d4ecc9e724aafafb6b0967e3') in 0.015535 seconds
Number of updated asset objects reloaded before import = 0
Number of asset objects unloaded after import = 2
========================================================================
Received Import Request.
  Time since last request: 0.000023 seconds.
  path: Assets/Source/TerrainSource/TerrainSampleAssets/Textures/Terrain/Snow_MaskMap.tif
  artifactKey: Guid(5d46f74cdeedd7941ba8cd7cb7ebb40c) Importer(815301076,1909f56bfc062723c751e8b465ee728b)
Start importing Assets/Source/TerrainSource/TerrainSampleAssets/Textures/Terrain/Snow_MaskMap.tif using Guid(5d46f74cdeedd7941ba8cd7cb7ebb40c) Importer(815301076,1909f56bfc062723c751e8b465ee728b)  -> (artifact id: 'd96afe728881530439f4c8e0708b3fc7') in 0.020435 seconds
Number of updated asset objects reloaded before import = 0
Number of asset objects unloaded after import = 2
========================================================================
Received Import Request.
  Time since last request: 0.000017 seconds.
  path: Assets/Source/TerrainSource/TerrainSampleAssets/TerrainLayers/Snow_TerrainLayer.terrainlayer
  artifactKey: Guid(59b98ca43f27d8c4a89d4058d2a962e5) Importer(815301076,1909f56bfc062723c751e8b465ee728b)
Start importing Assets/Source/TerrainSource/TerrainSampleAssets/TerrainLayers/Snow_TerrainLayer.terrainlayer using Guid(59b98ca43f27d8c4a89d4058d2a962e5) Importer(815301076,1909f56bfc062723c751e8b465ee728b)  -> (artifact id: 'fb6cd80d62f75128572fe4df0a54361e') in 0.025544 seconds
Number of updated asset objects reloaded before import = 0
Number of asset objects unloaded after import = 5
========================================================================
Received Import Request.
  Time since last request: 0.000021 seconds.
  path: Assets/TextMesh Pro/Examples & Extras/Textures/Text Overflow - Linked Text UI Screenshot.png
  artifactKey: Guid(c76d18757a194d618355f05f815cb0a1) Importer(815301076,1909f56bfc062723c751e8b465ee728b)
Start importing Assets/TextMesh Pro/Examples & Extras/Textures/Text Overflow - Linked Text UI Screenshot.png using Guid(c76d18757a194d618355f05f815cb0a1) Importer(815301076,1909f56bfc062723c751e8b465ee728b)  -> (artifact id: '11e9bfe176667865db544f9366e1e10d') in 0.015978 seconds
Number of updated asset objects reloaded before import = 0
Number of asset objects unloaded after import = 2
========================================================================
Received Import Request.
  Time since last request: 0.000018 seconds.
  path: Assets/TextMesh Pro/Examples & Extras/Resources/Fonts & Materials/Oswald Bold SDF.asset
  artifactKey: Guid(0161d805a3764c089bef00bfe00793f5) Importer(815301076,1909f56bfc062723c751e8b465ee728b)
Start importing Assets/TextMesh Pro/Examples & Extras/Resources/Fonts & Materials/Oswald Bold SDF.asset using Guid(0161d805a3764c089bef00bfe00793f5) Importer(815301076,1909f56bfc062723c751e8b465ee728b)  -> (artifact id: '3cf3603866df144cf69b6015400da2e5') in 0.014811 seconds
Number of updated asset objects reloaded before import = 0
Number of asset objects unloaded after import = 6
========================================================================
Received Import Request.
  Time since last request: 0.000022 seconds.
  path: Assets/Source/Water/#NVJOB Water Shaders V2/Examples Water/Materials/Textures/Water A 1.png
  artifactKey: Guid(21cbc816b57948b196ced72a3c33a909) Importer(815301076,1909f56bfc062723c751e8b465ee728b)
Start importing Assets/Source/Water/#NVJOB Water Shaders V2/Examples Water/Materials/Textures/Water A 1.png using Guid(21cbc816b57948b196ced72a3c33a909) Importer(815301076,1909f56bfc062723c751e8b465ee728b)  -> (artifact id: '5328f7d191effc65ec474d13cb35393d') in 0.014428 seconds
Number of updated asset objects reloaded before import = 0
Number of asset objects unloaded after import = 2
========================================================================
Received Import Request.
  Time since last request: 0.000028 seconds.
  path: Assets/Source/Water/#NVJOB Water Shaders V2/Example Scenes/PostProcessing/Utilities/CustomMotionTexture/Models/WheelMovecs.FBX
  artifactKey: Guid(e79a043e23f64204adf09e4ad74c1e90) Importer(815301076,1909f56bfc062723c751e8b465ee728b)
Start importing Assets/Source/Water/#NVJOB Water Shaders V2/Example Scenes/PostProcessing/Utilities/CustomMotionTexture/Models/WheelMovecs.FBX using Guid(e79a043e23f64204adf09e4ad74c1e90) Importer(815301076,1909f56bfc062723c751e8b465ee728b)  -> (artifact id: 'c017cec1be70eaaee81a924f3c98cf33') in 0.038783 seconds
Number of updated asset objects reloaded before import = 0
Number of asset objects unloaded after import = 9
========================================================================
Received Import Request.
  Time since last request: 0.000017 seconds.
  path: Assets/Source/Water/#NVJOB Water Shaders V2/Examples Water/Prefabs/Water Surface.prefab
  artifactKey: Guid(8a8ade231d4e4115a527f463ebb01a8b) Importer(815301076,1909f56bfc062723c751e8b465ee728b)
Start importing Assets/Source/Water/#NVJOB Water Shaders V2/Examples Water/Prefabs/Water Surface.prefab using Guid(8a8ade231d4e4115a527f463ebb01a8b) Importer(815301076,1909f56bfc062723c751e8b465ee728b)  -> (artifact id: '201dd4310c377f17d8241e7b18dfa312') in 0.018789 seconds
Number of updated asset objects reloaded before import = 0
Number of asset objects unloaded after import = 14
========================================================================
Received Import Request.
  Time since last request: 0.000016 seconds.
  path: Assets/Source/Water/#NVJOB Water Shaders V2/Examples Water/Prefabs/Water Surface Mirror.prefab
  artifactKey: Guid(28ab203a6204400b853fcf56294ef10b) Importer(815301076,1909f56bfc062723c751e8b465ee728b)
Start importing Assets/Source/Water/#NVJOB Water Shaders V2/Examples Water/Prefabs/Water Surface Mirror.prefab using Guid(28ab203a6204400b853fcf56294ef10b) Importer(815301076,1909f56bfc062723c751e8b465ee728b)  -> (artifact id: '614ea0d67f7d633bb8edb86d8cc37c26') in 0.450030 seconds
Number of updated asset objects reloaded before import = 0
Number of asset objects unloaded after import = 14
========================================================================
Received Import Request.
  Time since last request: 0.000017 seconds.
  path: Assets/Source/Water/#NVJOB Water Shaders V2/Example Scenes/Environment/Rainbow/Materials/Rainbow.png
  artifactKey: Guid(6b00fa7f1f614c66b398bb521ad4ba9a) Importer(815301076,1909f56bfc062723c751e8b465ee728b)
Start importing Assets/Source/Water/#NVJOB Water Shaders V2/Example Scenes/Environment/Rainbow/Materials/Rainbow.png using Guid(6b00fa7f1f614c66b398bb521ad4ba9a) Importer(815301076,1909f56bfc062723c751e8b465ee728b)  -> (artifact id: 'c95c9010fc4fe7ceaaa303f28155a716') in 0.015162 seconds
Number of updated asset objects reloaded before import = 0
Number of asset objects unloaded after import = 2
========================================================================
Received Import Request.
  Time since last request: 0.000024 seconds.
  path: Assets/Source/Water/#NVJOB Water Shaders V2/Examples Water/Materials/Water Specular Mirror.mat
  artifactKey: Guid(1a127b9031564ff99a732e71b9738356) Importer(815301076,1909f56bfc062723c751e8b465ee728b)
Start importing Assets/Source/Water/#NVJOB Water Shaders V2/Examples Water/Materials/Water Specular Mirror.mat using Guid(1a127b9031564ff99a732e71b9738356) Importer(815301076,1909f56bfc062723c751e8b465ee728b)  -> (artifact id: '76b4903abf657535e7192447eaaaec05') in 0.502220 seconds
Number of updated asset objects reloaded before import = 0
Number of asset objects unloaded after import = 7
========================================================================
Received Prepare
Begin MonoManager ReloadAssembly
- Loaded All Assemblies, in  0.381 seconds
Refreshing native plugins compatible for Editor in 2.31 ms, found 3 plugins.
Native extension for WindowsStandalone target not found
Native extension for Android target not found
[Package Manager] Server::EnsureServerProcessIsRunning -- launch failed, reason: Unity was launched with the -noUpm command-line argument
[Package Manager] UpmClient::Send -- Unable to send message (not connected to UPM process).
[Package Manager] Cannot connect to Unity Package Manager local server
Mono: successfully reloaded assembly
- Finished resetting the current domain, in  1.224 seconds
Domain Reload Profiling: 1605ms
	BeginReloadAssembly (126ms)
		ExecutionOrderSort (0ms)
		DisableScriptedObjects (3ms)
		BackupInstance (0ms)
		ReleaseScriptingObjects (0ms)
		CreateAndSetChildDomain (35ms)
	RebuildCommonClasses (27ms)
	RebuildNativeTypeToScriptingClass (9ms)
	initialDomainReloadingComplete (19ms)
	LoadAllAssembliesAndSetupDomain (199ms)
		LoadAssemblies (235ms)
		RebuildTransferFunctionScriptingTraits (0ms)
		AnalyzeDomain (26ms)
			TypeCache.Refresh (9ms)
				TypeCache.ScanAssembly (1ms)
			ScanForSourceGeneratedMonoScriptInfo (6ms)
			ResolveRequiredComponents (8ms)
	FinalizeReload (1225ms)
		ReleaseScriptCaches (0ms)
		RebuildScriptCaches (0ms)
		SetupLoadedEditorAssemblies (368ms)
			LogAssemblyErrors (0ms)
			InitializePlatformSupportModulesInManaged (18ms)
			SetLoadedEditorAssemblies (3ms)
			RefreshPlugins (0ms)
			BeforeProcessingInitializeOnLoad (50ms)
			ProcessInitializeOnLoadAttributes (279ms)
			ProcessInitializeOnLoadMethodAttributes (15ms)
			AfterProcessingInitializeOnLoad (2ms)
			EditorAssembliesLoaded (0ms)
		ExecutionOrderSort2 (0ms)
		AwakeInstancesAfterBackupRestoration (4ms)
Refreshing native plugins compatible for Editor in 2.92 ms, found 3 plugins.
Preloading 0 native plugins for Editor in 0.00 ms.
Unloading 3475 Unused Serialized files (Serialized files now loaded: 0)
Unloading 88 unused Assets / (1.5 MB). Loaded Objects now: 4166.
Memory consumption went from 161.5 MB to 159.9 MB.
Total: 3.329500 ms (FindLiveObjects: 0.370100 ms CreateObjectMapping: 0.160100 ms MarkObjects: 2.276400 ms  DeleteObjects: 0.521800 ms)

Prepare: number of updated asset objects reloaded= 0
AssetImportParameters requested are different than current active one (requested -> active):
  custom:container-demuxer-ogg: 62fdf1f143b41e24485cea50d1cbac27 -> 
  custom:video-decoder-ogg-theora: a1e56fd34408186e4bbccfd4996cb3dc -> 
  custom:framework-win-MediaFoundation: 216162199b28c13a410421893ffa2e32 -> 
  custom:CustomObjectIndexerAttribute: 756ad292c208cfabdd7b50bc23989ffe -> 
  custom:container-demuxer-webm: 4f35f7cbe854078d1ac9338744f61a02 -> 
  custom:container-muxer-webm: aa71ff27fc2769a1b78a27578f13a17b -> 
  custom:video-decoder-webm-vp8: 9c59270c3fd7afecdb556c50c9e8de78 -> 
  custom:SearchIndexIgnoredProperties: e643bd26f0fe6173181afceb89e7c659 -> 
  custom:AudioImporter_EditorPlatform: d09bf68614088b80899f8185d706f6e7 -> 
  custom:video-encoder-webm-vp8: eb34c28f22e8b96e1ab97ce403110664 -> 
  custom:audio-decoder-ogg-vorbis: bf7c407c2cedff20999df2af8eb42d56 -> 
  custom:audio-encoder-webm-vorbis: bf7c407c2cedff20999df2af8eb42d56 -> 
========================================================================
Received Prepare
Begin MonoManager ReloadAssembly
- Loaded All Assemblies, in  0.368 seconds
Refreshing native plugins compatible for Editor in 1.86 ms, found 3 plugins.
Native extension for WindowsStandalone target not found
Native extension for Android target not found
[Package Manager] Server::EnsureServerProcessIsRunning -- launch failed, reason: Unity was launched with the -noUpm command-line argument
[Package Manager] UpmClient::Send -- Unable to send message (not connected to UPM process).
[Package Manager] Cannot connect to Unity Package Manager local server
Mono: successfully reloaded assembly
- Finished resetting the current domain, in  0.879 seconds
Domain Reload Profiling: 1247ms
	BeginReloadAssembly (141ms)
		ExecutionOrderSort (0ms)
		DisableScriptedObjects (4ms)
		BackupInstance (0ms)
		ReleaseScriptingObjects (0ms)
		CreateAndSetChildDomain (34ms)
	RebuildCommonClasses (27ms)
	RebuildNativeTypeToScriptingClass (9ms)
	initialDomainReloadingComplete (20ms)
	LoadAllAssembliesAndSetupDomain (171ms)
		LoadAssemblies (222ms)
		RebuildTransferFunctionScriptingTraits (0ms)
		AnalyzeDomain (23ms)
			TypeCache.Refresh (11ms)
				TypeCache.ScanAssembly (2ms)
			ScanForSourceGeneratedMonoScriptInfo (6ms)
			ResolveRequiredComponents (5ms)
	FinalizeReload (880ms)
		ReleaseScriptCaches (0ms)
		RebuildScriptCaches (0ms)
		SetupLoadedEditorAssemblies (464ms)
			LogAssemblyErrors (0ms)
			InitializePlatformSupportModulesInManaged (21ms)
			SetLoadedEditorAssemblies (4ms)
			RefreshPlugins (0ms)
			BeforeProcessingInitializeOnLoad (69ms)
			ProcessInitializeOnLoadAttributes (353ms)
			ProcessInitializeOnLoadMethodAttributes (16ms)
			AfterProcessingInitializeOnLoad (2ms)
			EditorAssembliesLoaded (0ms)
		ExecutionOrderSort2 (0ms)
		AwakeInstancesAfterBackupRestoration (5ms)
Refreshing native plugins compatible for Editor in 3.83 ms, found 3 plugins.
Preloading 0 native plugins for Editor in 0.00 ms.
Unloading 3591 Unused Serialized files (Serialized files now loaded: 0)
Unloading 67 unused Assets / (4.4 MB). Loaded Objects now: 4233.
Memory consumption went from 184.5 MB to 180.1 MB.
Total: 14.349100 ms (FindLiveObjects: 0.590100 ms CreateObjectMapping: 0.279400 ms MarkObjects: 10.985500 ms  DeleteObjects: 2.492400 ms)

Prepare: number of updated asset objects reloaded= 36
AssetImportParameters requested are different than current active one (requested -> active):
  custom:container-demuxer-ogg: 62fdf1f143b41e24485cea50d1cbac27 -> 
  custom:video-decoder-ogg-theora: a1e56fd34408186e4bbccfd4996cb3dc -> 
  custom:framework-win-MediaFoundation: 216162199b28c13a410421893ffa2e32 -> 
  custom:CustomObjectIndexerAttribute: 756ad292c208cfabdd7b50bc23989ffe -> 
  custom:container-demuxer-webm: 4f35f7cbe854078d1ac9338744f61a02 -> 
  custom:container-muxer-webm: aa71ff27fc2769a1b78a27578f13a17b -> 
  custom:video-decoder-webm-vp8: 9c59270c3fd7afecdb556c50c9e8de78 -> 
  custom:SearchIndexIgnoredProperties: e643bd26f0fe6173181afceb89e7c659 -> 
  custom:AudioImporter_EditorPlatform: d09bf68614088b80899f8185d706f6e7 -> 
  custom:video-encoder-webm-vp8: eb34c28f22e8b96e1ab97ce403110664 -> 
  custom:audio-decoder-ogg-vorbis: bf7c407c2cedff20999df2af8eb42d56 -> 
  custom:audio-encoder-webm-vorbis: bf7c407c2cedff20999df2af8eb42d56 -> 
========================================================================
Received Prepare
Begin MonoManager ReloadAssembly
- Loaded All Assemblies, in  0.355 seconds
Refreshing native plugins compatible for Editor in 1.94 ms, found 3 plugins.
Native extension for WindowsStandalone target not found
Native extension for Android target not found
[Package Manager] Server::EnsureServerProcessIsRunning -- launch failed, reason: Unity was launched with the -noUpm command-line argument
[Package Manager] UpmClient::Send -- Unable to send message (not connected to UPM process).
[Package Manager] Cannot connect to Unity Package Manager local server
Mono: successfully reloaded assembly
- Finished resetting the current domain, in  0.777 seconds
Domain Reload Profiling: 1132ms
	BeginReloadAssembly (131ms)
		ExecutionOrderSort (0ms)
		DisableScriptedObjects (4ms)
		BackupInstance (0ms)
		ReleaseScriptingObjects (0ms)
		CreateAndSetChildDomain (36ms)
	RebuildCommonClasses (26ms)
	RebuildNativeTypeToScriptingClass (9ms)
	initialDomainReloadingComplete (19ms)
	LoadAllAssembliesAndSetupDomain (171ms)
		LoadAssemblies (204ms)
		RebuildTransferFunctionScriptingTraits (0ms)
		AnalyzeDomain (29ms)
			TypeCache.Refresh (11ms)
				TypeCache.ScanAssembly (2ms)
			ScanForSourceGeneratedMonoScriptInfo (8ms)
			ResolveRequiredComponents (9ms)
	FinalizeReload (777ms)
		ReleaseScriptCaches (0ms)
		RebuildScriptCaches (0ms)
		SetupLoadedEditorAssemblies (370ms)
			LogAssemblyErrors (0ms)
			InitializePlatformSupportModulesInManaged (23ms)
			SetLoadedEditorAssemblies (3ms)
			RefreshPlugins (0ms)
			BeforeProcessingInitializeOnLoad (48ms)
			ProcessInitializeOnLoadAttributes (280ms)
			ProcessInitializeOnLoadMethodAttributes (14ms)
			AfterProcessingInitializeOnLoad (2ms)
			EditorAssembliesLoaded (0ms)
		ExecutionOrderSort2 (0ms)
		AwakeInstancesAfterBackupRestoration (4ms)
Refreshing native plugins compatible for Editor in 2.74 ms, found 3 plugins.
Preloading 0 native plugins for Editor in 0.00 ms.
Unloading 3588 Unused Serialized files (Serialized files now loaded: 0)
Unloading 67 unused Assets / (4.4 MB). Loaded Objects now: 4248.
Memory consumption went from 183.8 MB to 179.4 MB.
Total: 3.584400 ms (FindLiveObjects: 0.287700 ms CreateObjectMapping: 0.094900 ms MarkObjects: 1.957500 ms  DeleteObjects: 1.243300 ms)

Prepare: number of updated asset objects reloaded= 2
AssetImportParameters requested are different than current active one (requested -> active):
  custom:container-demuxer-ogg: 62fdf1f143b41e24485cea50d1cbac27 -> 
  custom:video-decoder-ogg-theora: a1e56fd34408186e4bbccfd4996cb3dc -> 
  custom:framework-win-MediaFoundation: 216162199b28c13a410421893ffa2e32 -> 
  custom:CustomObjectIndexerAttribute: 756ad292c208cfabdd7b50bc23989ffe -> 
  custom:container-demuxer-webm: 4f35f7cbe854078d1ac9338744f61a02 -> 
  custom:container-muxer-webm: aa71ff27fc2769a1b78a27578f13a17b -> 
  custom:video-decoder-webm-vp8: 9c59270c3fd7afecdb556c50c9e8de78 -> 
  custom:SearchIndexIgnoredProperties: e643bd26f0fe6173181afceb89e7c659 -> 
  custom:AudioImporter_EditorPlatform: d09bf68614088b80899f8185d706f6e7 -> 
  custom:video-encoder-webm-vp8: eb34c28f22e8b96e1ab97ce403110664 -> 
  custom:audio-decoder-ogg-vorbis: bf7c407c2cedff20999df2af8eb42d56 -> 
  custom:audio-encoder-webm-vorbis: bf7c407c2cedff20999df2af8eb42d56 -> 
========================================================================
Received Prepare
Begin MonoManager ReloadAssembly
- Loaded All Assemblies, in  0.378 seconds
Refreshing native plugins compatible for Editor in 1.96 ms, found 3 plugins.
Native extension for WindowsStandalone target not found
Native extension for Android target not found
[Package Manager] Server::EnsureServerProcessIsRunning -- launch failed, reason: Unity was launched with the -noUpm command-line argument
[Package Manager] UpmClient::Send -- Unable to send message (not connected to UPM process).
[Package Manager] Cannot connect to Unity Package Manager local server
Mono: successfully reloaded assembly
- Finished resetting the current domain, in  1.559 seconds
Domain Reload Profiling: 1937ms
	BeginReloadAssembly (136ms)
		ExecutionOrderSort (0ms)
		DisableScriptedObjects (4ms)
		BackupInstance (0ms)
		ReleaseScriptingObjects (0ms)
		CreateAndSetChildDomain (33ms)
	RebuildCommonClasses (28ms)
	RebuildNativeTypeToScriptingClass (9ms)
	initialDomainReloadingComplete (21ms)
	LoadAllAssembliesAndSetupDomain (182ms)
		LoadAssemblies (232ms)
		RebuildTransferFunctionScriptingTraits (0ms)
		AnalyzeDomain (13ms)
			TypeCache.Refresh (6ms)
				TypeCache.ScanAssembly (0ms)
			ScanForSourceGeneratedMonoScriptInfo (0ms)
			ResolveRequiredComponents (5ms)
	FinalizeReload (1560ms)
		ReleaseScriptCaches (0ms)
		RebuildScriptCaches (0ms)
		SetupLoadedEditorAssemblies (420ms)
			LogAssemblyErrors (0ms)
			InitializePlatformSupportModulesInManaged (19ms)
			SetLoadedEditorAssemblies (4ms)
			RefreshPlugins (0ms)
			BeforeProcessingInitializeOnLoad (58ms)
			ProcessInitializeOnLoadAttributes (318ms)
			ProcessInitializeOnLoadMethodAttributes (18ms)
			AfterProcessingInitializeOnLoad (2ms)
			EditorAssembliesLoaded (0ms)
		ExecutionOrderSort2 (0ms)
		AwakeInstancesAfterBackupRestoration (5ms)
Refreshing native plugins compatible for Editor in 2.75 ms, found 3 plugins.
Preloading 0 native plugins for Editor in 0.00 ms.
Unloading 3588 Unused Serialized files (Serialized files now loaded: 0)
Unloading 67 unused Assets / (4.4 MB). Loaded Objects now: 4263.
Memory consumption went from 183.8 MB to 179.4 MB.
Total: 6.267200 ms (FindLiveObjects: 0.360700 ms CreateObjectMapping: 0.243800 ms MarkObjects: 3.518400 ms  DeleteObjects: 2.142800 ms)

Prepare: number of updated asset objects reloaded= 0
AssetImportParameters requested are different than current active one (requested -> active):
  custom:container-demuxer-ogg: 62fdf1f143b41e24485cea50d1cbac27 -> 
  custom:video-decoder-ogg-theora: a1e56fd34408186e4bbccfd4996cb3dc -> 
  custom:framework-win-MediaFoundation: 216162199b28c13a410421893ffa2e32 -> 
  custom:CustomObjectIndexerAttribute: 756ad292c208cfabdd7b50bc23989ffe -> 
  custom:container-demuxer-webm: 4f35f7cbe854078d1ac9338744f61a02 -> 
  custom:container-muxer-webm: aa71ff27fc2769a1b78a27578f13a17b -> 
  custom:video-decoder-webm-vp8: 9c59270c3fd7afecdb556c50c9e8de78 -> 
  custom:SearchIndexIgnoredProperties: e643bd26f0fe6173181afceb89e7c659 -> 
  custom:AudioImporter_EditorPlatform: d09bf68614088b80899f8185d706f6e7 -> 
  custom:video-encoder-webm-vp8: eb34c28f22e8b96e1ab97ce403110664 -> 
  custom:audio-decoder-ogg-vorbis: bf7c407c2cedff20999df2af8eb42d56 -> 
  custom:audio-encoder-webm-vorbis: bf7c407c2cedff20999df2af8eb42d56 -> 
========================================================================
Received Import Request.
  Time since last request: 1405.098057 seconds.
  path: Assets/Source/Water/#NVJOB Water Shaders V2/Examples Water/Prefabs/Water Specular Mirror.prefab
  artifactKey: Guid(be3a74ee4c9d4d899462b72a41f62728) Importer(815301076,1909f56bfc062723c751e8b465ee728b)
Start importing Assets/Source/Water/#NVJOB Water Shaders V2/Examples Water/Prefabs/Water Specular Mirror.prefab using Guid(be3a74ee4c9d4d899462b72a41f62728) Importer(815301076,1909f56bfc062723c751e8b465ee728b)  -> (artifact id: 'a448f715eecf8b6cc6d897092cba5dcc') in 0.604262 seconds
Number of updated asset objects reloaded before import = 0
Number of asset objects unloaded after import = 13
========================================================================
Received Import Request.
  Time since last request: 348.455423 seconds.
  path: Assets/Source/Water/#NVJOB Water Shaders V2/Example Scenes/PostProcessing/Example 2.asset
  artifactKey: Guid(0c745585c6ad43fa9d72cab76948af87) Importer(815301076,1909f56bfc062723c751e8b465ee728b)
Start importing Assets/Source/Water/#NVJOB Water Shaders V2/Example Scenes/PostProcessing/Example 2.asset using Guid(0c745585c6ad43fa9d72cab76948af87) Importer(815301076,1909f56bfc062723c751e8b465ee728b)  -> (artifact id: '4c18101fa9ce246573d3982ee70166fb') in 0.006219 seconds
Number of updated asset objects reloaded before import = 0
Number of asset objects unloaded after import = 2
========================================================================
Received Prepare
Begin MonoManager ReloadAssembly
- Loaded All Assemblies, in  0.372 seconds
Refreshing native plugins compatible for Editor in 1.92 ms, found 3 plugins.
Native extension for WindowsStandalone target not found
Native extension for Android target not found
[Package Manager] Server::EnsureServerProcessIsRunning -- launch failed, reason: Unity was launched with the -noUpm command-line argument
[Package Manager] UpmClient::Send -- Unable to send message (not connected to UPM process).
[Package Manager] Cannot connect to Unity Package Manager local server
Mono: successfully reloaded assembly
- Finished resetting the current domain, in  0.785 seconds
Domain Reload Profiling: 1155ms
	BeginReloadAssembly (144ms)
		ExecutionOrderSort (0ms)
		DisableScriptedObjects (4ms)
		BackupInstance (0ms)
		ReleaseScriptingObjects (0ms)
		CreateAndSetChildDomain (40ms)
	RebuildCommonClasses (28ms)
	RebuildNativeTypeToScriptingClass (9ms)
	initialDomainReloadingComplete (23ms)
	LoadAllAssembliesAndSetupDomain (166ms)
		LoadAssemblies (222ms)
		RebuildTransferFunctionScriptingTraits (0ms)
		AnalyzeDomain (13ms)
			TypeCache.Refresh (6ms)
				TypeCache.ScanAssembly (0ms)
			ScanForSourceGeneratedMonoScriptInfo (0ms)
			ResolveRequiredComponents (5ms)
	FinalizeReload (785ms)
		ReleaseScriptCaches (0ms)
		RebuildScriptCaches (0ms)
		SetupLoadedEditorAssemblies (383ms)
			LogAssemblyErrors (0ms)
			InitializePlatformSupportModulesInManaged (19ms)
			SetLoadedEditorAssemblies (4ms)
			RefreshPlugins (0ms)
			BeforeProcessingInitializeOnLoad (50ms)
			ProcessInitializeOnLoadAttributes (291ms)
			ProcessInitializeOnLoadMethodAttributes (17ms)
			AfterProcessingInitializeOnLoad (2ms)
			EditorAssembliesLoaded (0ms)
		ExecutionOrderSort2 (0ms)
		AwakeInstancesAfterBackupRestoration (4ms)
Refreshing native plugins compatible for Editor in 3.90 ms, found 3 plugins.
Preloading 0 native plugins for Editor in 0.00 ms.
Unloading 3588 Unused Serialized files (Serialized files now loaded: 0)
Unloading 67 unused Assets / (4.4 MB). Loaded Objects now: 4278.
Memory consumption went from 183.8 MB to 179.4 MB.
Total: 6.086200 ms (FindLiveObjects: 0.321700 ms CreateObjectMapping: 0.289300 ms MarkObjects: 3.379800 ms  DeleteObjects: 2.094400 ms)

Prepare: number of updated asset objects reloaded= 0
AssetImportParameters requested are different than current active one (requested -> active):
  custom:container-demuxer-ogg: 62fdf1f143b41e24485cea50d1cbac27 -> 
  custom:video-decoder-ogg-theora: a1e56fd34408186e4bbccfd4996cb3dc -> 
  custom:framework-win-MediaFoundation: 216162199b28c13a410421893ffa2e32 -> 
  custom:CustomObjectIndexerAttribute: 756ad292c208cfabdd7b50bc23989ffe -> 
  custom:container-demuxer-webm: 4f35f7cbe854078d1ac9338744f61a02 -> 
  custom:container-muxer-webm: aa71ff27fc2769a1b78a27578f13a17b -> 
  custom:video-decoder-webm-vp8: 9c59270c3fd7afecdb556c50c9e8de78 -> 
  custom:SearchIndexIgnoredProperties: e643bd26f0fe6173181afceb89e7c659 -> 
  custom:AudioImporter_EditorPlatform: d09bf68614088b80899f8185d706f6e7 -> 
  custom:video-encoder-webm-vp8: eb34c28f22e8b96e1ab97ce403110664 -> 
  custom:audio-decoder-ogg-vorbis: bf7c407c2cedff20999df2af8eb42d56 -> 
  custom:audio-encoder-webm-vorbis: bf7c407c2cedff20999df2af8eb42d56 -> 
========================================================================
Received Import Request.
  Time since last request: 157.276869 seconds.
  path: Assets/Source/Water/#NVJOB Water Shaders V2/Examples Water/Prefabs/Water Surface Mirror.prefab
  artifactKey: Guid(28ab203a6204400b853fcf56294ef10b) Importer(815301076,1909f56bfc062723c751e8b465ee728b)
Start importing Assets/Source/Water/#NVJOB Water Shaders V2/Examples Water/Prefabs/Water Surface Mirror.prefab using Guid(28ab203a6204400b853fcf56294ef10b) Importer(815301076,1909f56bfc062723c751e8b465ee728b)  -> (artifact id: 'bfec3b51a7eff3019306bf0656c1c3e7') in 0.074296 seconds
Number of updated asset objects reloaded before import = 0
Number of asset objects unloaded after import = 13
========================================================================
Received Import Request.
  Time since last request: 44.516916 seconds.
  path: Assets/Source/Water/#NVJOB Water Shaders V2/Example Scenes/Environment/#NVJOB Assets/Dynamic Sky (For Demo)/Materials/Clouds 2.mat
  artifactKey: Guid(dd7a414e67514f87a6c4d69b61222857) Importer(815301076,1909f56bfc062723c751e8b465ee728b)
Start importing Assets/Source/Water/#NVJOB Water Shaders V2/Example Scenes/Environment/#NVJOB Assets/Dynamic Sky (For Demo)/Materials/Clouds 2.mat using Guid(dd7a414e67514f87a6c4d69b61222857) Importer(815301076,1909f56bfc062723c751e8b465ee728b)  -> (artifact id: '2fb8ae8bc72ac7ce3fc267f7d6ea78c7') in 0.065760 seconds
Number of updated asset objects reloaded before import = 0
Number of asset objects unloaded after import = 5
========================================================================
Received Import Request.
  Time since last request: 0.000013 seconds.
  path: Assets/Source/Water/#NVJOB Water Shaders V2/Example Scenes/Environment/#NVJOB Assets/Dynamic Sky (For Demo)/Materials/Clouds A2.png
  artifactKey: Guid(6798ff73f27744ebab26db6109e56a5f) Importer(815301076,1909f56bfc062723c751e8b465ee728b)
Start importing Assets/Source/Water/#NVJOB Water Shaders V2/Example Scenes/Environment/#NVJOB Assets/Dynamic Sky (For Demo)/Materials/Clouds A2.png using Guid(6798ff73f27744ebab26db6109e56a5f) Importer(815301076,1909f56bfc062723c751e8b465ee728b)  -> (artifact id: '538c28685f912b341e6f7563e9fda078') in 0.020637 seconds
Number of updated asset objects reloaded before import = 0
Number of asset objects unloaded after import = 2
========================================================================
Received Import Request.
  Time since last request: 0.000015 seconds.
  path: Assets/Source/Water/#NVJOB Water Shaders V2/Example Scenes/Environment/#NVJOB Assets/Dynamic Sky (For Demo)/Materials/Clouds A1.png
  artifactKey: Guid(a4cdcba46b2d41adacda32344e29aa42) Importer(815301076,1909f56bfc062723c751e8b465ee728b)
Start importing Assets/Source/Water/#NVJOB Water Shaders V2/Example Scenes/Environment/#NVJOB Assets/Dynamic Sky (For Demo)/Materials/Clouds A1.png using Guid(a4cdcba46b2d41adacda32344e29aa42) Importer(815301076,1909f56bfc062723c751e8b465ee728b)  -> (artifact id: '5c6b23701602c06da60cb08876c38b55') in 0.014910 seconds
Number of updated asset objects reloaded before import = 0
Number of asset objects unloaded after import = 2
========================================================================
Received Import Request.
  Time since last request: 0.000016 seconds.
  path: Assets/Source/Water/#NVJOB Water Shaders V2/Example Scenes/Environment/#NVJOB Assets/Dynamic Sky (For Demo)/Materials/Horizon 2.mat
  artifactKey: Guid(a5b6a16e7a9241b2bfdb9e5de455dea3) Importer(815301076,1909f56bfc062723c751e8b465ee728b)
Start importing Assets/Source/Water/#NVJOB Water Shaders V2/Example Scenes/Environment/#NVJOB Assets/Dynamic Sky (For Demo)/Materials/Horizon 2.mat using Guid(a5b6a16e7a9241b2bfdb9e5de455dea3) Importer(815301076,1909f56bfc062723c751e8b465ee728b)  -> (artifact id: '533e148f7f69a6bfeb06cd990e4e8b12') in 0.048221 seconds
Number of updated asset objects reloaded before import = 0
Number of asset objects unloaded after import = 5
========================================================================
Received Import Request.
  Time since last request: 130.683650 seconds.
  path: Assets/Source/Water/#NVJOB Water Shaders V2/Examples Water/Materials/Textures
  artifactKey: Guid(b1b85bd29fe24d62a1bf404cde9af7b5) Importer(815301076,1909f56bfc062723c751e8b465ee728b)
Start importing Assets/Source/Water/#NVJOB Water Shaders V2/Examples Water/Materials/Textures using Guid(b1b85bd29fe24d62a1bf404cde9af7b5) Importer(815301076,1909f56bfc062723c751e8b465ee728b)  -> (artifact id: 'e6747d573ed468971b9a440567ce9e87') in 0.000845 seconds
Number of updated asset objects reloaded before import = 0
Number of asset objects unloaded after import = 0
========================================================================
Received Import Request.
  Time since last request: 3.686196 seconds.
  path: Assets/Source/Water/#NVJOB Water Shaders V2/Examples Water/Materials/Materials
  artifactKey: Guid(b7c476db6a7bd8546ba337474667e00b) Importer(815301076,1909f56bfc062723c751e8b465ee728b)
Start importing Assets/Source/Water/#NVJOB Water Shaders V2/Examples Water/Materials/Materials using Guid(b7c476db6a7bd8546ba337474667e00b) Importer(815301076,1909f56bfc062723c751e8b465ee728b)  -> (artifact id: '907ffab4e1896d1d64296161b087e377') in 0.000504 seconds
Number of updated asset objects reloaded before import = 0
Number of asset objects unloaded after import = 0
========================================================================
Received Import Request.
  Time since last request: 0.084617 seconds.
  path: Assets/Source/Water/#NVJOB Water Shaders V2/Examples Water/Materials/Materials/Cubemap.mat
  artifactKey: Guid(7b45e997103000b47bf54bd81bbb5941) Importer(815301076,1909f56bfc062723c751e8b465ee728b)
Start importing Assets/Source/Water/#NVJOB Water Shaders V2/Examples Water/Materials/Materials/Cubemap.mat using Guid(7b45e997103000b47bf54bd81bbb5941) Importer(815301076,1909f56bfc062723c751e8b465ee728b)  -> (artifact id: '1c8a8a96649702fb92492ec82ddcd58f') in 0.036005 seconds
Number of updated asset objects reloaded before import = 0
Number of asset objects unloaded after import = 2
========================================================================
Received Import Request.
  Time since last request: 0.000017 seconds.
  path: Assets/Source/Water/#NVJOB Water Shaders V2/Examples Water/Materials/Materials/Water N 1.mat
  artifactKey: Guid(dae84fd86bba78f4690274aee751b3ce) Importer(815301076,1909f56bfc062723c751e8b465ee728b)
Start importing Assets/Source/Water/#NVJOB Water Shaders V2/Examples Water/Materials/Materials/Water N 1.mat using Guid(dae84fd86bba78f4690274aee751b3ce) Importer(815301076,1909f56bfc062723c751e8b465ee728b)  -> (artifact id: '2236fe42fc0b5357cfb8015d0f7a44a0') in 0.027517 seconds
Number of updated asset objects reloaded before import = 0
Number of asset objects unloaded after import = 2
========================================================================
Received Import Request.
  Time since last request: 0.000018 seconds.
  path: Assets/Source/Water/#NVJOB Water Shaders V2/Examples Water/Materials/Materials/Water N 0.mat
  artifactKey: Guid(14650729e60d85e4a99857b5003e59fc) Importer(815301076,1909f56bfc062723c751e8b465ee728b)
Start importing Assets/Source/Water/#NVJOB Water Shaders V2/Examples Water/Materials/Materials/Water N 0.mat using Guid(14650729e60d85e4a99857b5003e59fc) Importer(815301076,1909f56bfc062723c751e8b465ee728b)  -> (artifact id: '74dc316675121511343215218c5249aa') in 0.013583 seconds
Number of updated asset objects reloaded before import = 0
Number of asset objects unloaded after import = 2
========================================================================
Received Import Request.
  Time since last request: 37.152113 seconds.
  path: Assets/Source/Water/#NVJOB Water Shaders V2/Example Scenes/Scenes/Example 1.unity
  artifactKey: Guid(a5989494b6f449b8a12024618a05fea9) Importer(815301076,1909f56bfc062723c751e8b465ee728b)
Start importing Assets/Source/Water/#NVJOB Water Shaders V2/Example Scenes/Scenes/Example 1.unity using Guid(a5989494b6f449b8a12024618a05fea9) Importer(815301076,1909f56bfc062723c751e8b465ee728b)  -> (artifact id: '9651550654536d7e4d4ee8fdba979e9e') in 0.000676 seconds
Number of updated asset objects reloaded before import = 0
Number of asset objects unloaded after import = 0
========================================================================
Received Import Request.
  Time since last request: 76.208437 seconds.
  path: Assets/Source/Water/#NVJOB Water Shaders V2/Examples Water/Prefabs/Water Surface Mirror.prefab
  artifactKey: Guid(28ab203a6204400b853fcf56294ef10b) Importer(815301076,1909f56bfc062723c751e8b465ee728b)
Start importing Assets/Source/Water/#NVJOB Water Shaders V2/Examples Water/Prefabs/Water Surface Mirror.prefab using Guid(28ab203a6204400b853fcf56294ef10b) Importer(815301076,1909f56bfc062723c751e8b465ee728b)  -> (artifact id: '94f8fa1586ffb7767c7ec1c3f45cb0fb') in 0.016629 seconds
Number of updated asset objects reloaded before import = 0
Number of asset objects unloaded after import = 8
