Using pre-set license
Built from '2022.3/staging' branch; Version is '2022.3.9f1 (ea401c316338) revision 15351836'; Using compiler version '192829333'; Build Type 'Release'
OS: 'Windows 10  (10.0.19045) 64bit Core' Language: 'uk' Physical Memory: 16105 MB
BatchMode: 1, IsHumanControllingUs: 0, StartBugReporterOnCrash: 0, Is64bit: 1, IsPro: 1

COMMAND LINE ARGUMENTS:
D:\unity\2022.3.9f1\Editor\Unity.exe
-adb2
-batchMode
-noUpm
-name
AssetImportWorker2
-projectPath
C:/Users/Asus/Documents/GitHub/game/Game
-logFile
Logs/AssetImportWorker2.log
-srvPort
56279
Successfully changed project path to: C:/Users/Asus/Documents/GitHub/game/Game
C:/Users/Asus/Documents/GitHub/game/Game
[UnityMemory] Configuration Parameters - Can be set up in boot.config
    "memorysetup-bucket-allocator-granularity=16"
    "memorysetup-bucket-allocator-bucket-count=8"
    "memorysetup-bucket-allocator-block-size=33554432"
    "memorysetup-bucket-allocator-block-count=8"
    "memorysetup-main-allocator-block-size=16777216"
    "memorysetup-thread-allocator-block-size=16777216"
    "memorysetup-gfx-main-allocator-block-size=16777216"
    "memorysetup-gfx-thread-allocator-block-size=16777216"
    "memorysetup-cache-allocator-block-size=4194304"
    "memorysetup-typetree-allocator-block-size=2097152"
    "memorysetup-profiler-bucket-allocator-granularity=16"
    "memorysetup-profiler-bucket-allocator-bucket-count=8"
    "memorysetup-profiler-bucket-allocator-block-size=33554432"
    "memorysetup-profiler-bucket-allocator-block-count=8"
    "memorysetup-profiler-allocator-block-size=16777216"
    "memorysetup-profiler-editor-allocator-block-size=1048576"
    "memorysetup-temp-allocator-size-main=16777216"
    "memorysetup-job-temp-allocator-block-size=2097152"
    "memorysetup-job-temp-allocator-block-size-background=1048576"
    "memorysetup-job-temp-allocator-reduction-small-platforms=262144"
    "memorysetup-allocator-temp-initial-block-size-main=262144"
    "memorysetup-allocator-temp-initial-block-size-worker=262144"
    "memorysetup-temp-allocator-size-background-worker=32768"
    "memorysetup-temp-allocator-size-job-worker=262144"
    "memorysetup-temp-allocator-size-preload-manager=33554432"
    "memorysetup-temp-allocator-size-nav-mesh-worker=65536"
    "memorysetup-temp-allocator-size-audio-worker=65536"
    "memorysetup-temp-allocator-size-cloud-worker=32768"
    "memorysetup-temp-allocator-size-gi-baking-worker=262144"
    "memorysetup-temp-allocator-size-gfx=262144"
Player connection [16524] Host "[IP] 192.168.56.1 [Port] 0 [Flags] 2 [Guid] 832065064 [EditorId] 832065064 [Version] 1048832 [Id] WindowsEditor(7,DESKTOP-6OQPLHL) [Debug] 1 [PackageName] WindowsEditor [ProjectName] Editor" joined multi-casting on [225.0.0.222:54997]...

Player connection [16524] Host "[IP] 192.168.56.1 [Port] 0 [Flags] 2 [Guid] 832065064 [EditorId] 832065064 [Version] 1048832 [Id] WindowsEditor(7,DESKTOP-6OQPLHL) [Debug] 1 [PackageName] WindowsEditor [ProjectName] Editor" joined alternative multi-casting on [225.0.0.222:34997]...

[Physics::Module] Initialized MultithreadedJobDispatcher with 11 workers.
Refreshing native plugins compatible for Editor in 99.26 ms, found 3 plugins.
Preloading 0 native plugins for Editor in 0.00 ms.
Initialize engine version: 2022.3.9f1 (ea401c316338)
[Subsystems] Discovering subsystems at path D:/unity/2022.3.9f1/Editor/Data/Resources/UnitySubsystems
[Subsystems] Discovering subsystems at path C:/Users/Asus/Documents/GitHub/game/Game/Assets
GfxDevice: creating device client; threaded=0; jobified=0
Direct3D:
    Version:  Direct3D 11.0 [level 11.1]
    Renderer: NVIDIA GeForce RTX 2050 (ID=0x25ad)
    Vendor:   NVIDIA
    VRAM:     3977 MB
    Driver:   31.0.15.2801
Initialize mono
Mono path[0] = 'D:/unity/2022.3.9f1/Editor/Data/Managed'
Mono path[1] = 'D:/unity/2022.3.9f1/Editor/Data/MonoBleedingEdge/lib/mono/unityjit-win32'
Mono config path = 'D:/unity/2022.3.9f1/Editor/Data/MonoBleedingEdge/etc'
Using monoOptions --debugger-agent=transport=dt_socket,embedding=1,server=y,suspend=n,address=127.0.0.1:56660
Begin MonoManager ReloadAssembly
Registering precompiled unity dll's ...
Register platform support module: D:/unity/2022.3.9f1/Editor/Data/PlaybackEngines/AndroidPlayer/UnityEditor.Android.Extensions.dll
Register platform support module: D:/unity/2022.3.9f1/Editor/Data/PlaybackEngines/WindowsStandaloneSupport/UnityEditor.WindowsStandalone.Extensions.dll
Registered in 0.003168 seconds.
- Loaded All Assemblies, in  0.662 seconds
Native extension for WindowsStandalone target not found
Native extension for Android target not found
Android Extension - Scanning For ADB Devices 284 ms
Mono: successfully reloaded assembly
- Finished resetting the current domain, in  0.567 seconds
Domain Reload Profiling: 1229ms
	BeginReloadAssembly (78ms)
		ExecutionOrderSort (0ms)
		DisableScriptedObjects (0ms)
		BackupInstance (0ms)
		ReleaseScriptingObjects (0ms)
		CreateAndSetChildDomain (1ms)
	RebuildCommonClasses (153ms)
	RebuildNativeTypeToScriptingClass (8ms)
	initialDomainReloadingComplete (38ms)
	LoadAllAssembliesAndSetupDomain (384ms)
		LoadAssemblies (78ms)
		RebuildTransferFunctionScriptingTraits (0ms)
		AnalyzeDomain (382ms)
			TypeCache.Refresh (381ms)
				TypeCache.ScanAssembly (371ms)
			ScanForSourceGeneratedMonoScriptInfo (0ms)
			ResolveRequiredComponents (0ms)
	FinalizeReload (567ms)
		ReleaseScriptCaches (0ms)
		RebuildScriptCaches (0ms)
		SetupLoadedEditorAssemblies (518ms)
			LogAssemblyErrors (0ms)
			InitializePlatformSupportModulesInManaged (393ms)
			SetLoadedEditorAssemblies (3ms)
			RefreshPlugins (0ms)
			BeforeProcessingInitializeOnLoad (2ms)
			ProcessInitializeOnLoadAttributes (79ms)
			ProcessInitializeOnLoadMethodAttributes (41ms)
			AfterProcessingInitializeOnLoad (0ms)
			EditorAssembliesLoaded (0ms)
		ExecutionOrderSort2 (0ms)
		AwakeInstancesAfterBackupRestoration (0ms)
========================================================================
Worker process is ready to serve import requests
Begin MonoManager ReloadAssembly
- Loaded All Assemblies, in  0.727 seconds
Refreshing native plugins compatible for Editor in 2.89 ms, found 3 plugins.
Native extension for WindowsStandalone target not found
Native extension for Android target not found
Package Manager log level set to [2]
[Package Manager] Server::EnsureServerProcessIsRunning -- launch failed, reason: Unity was launched with the -noUpm command-line argument
[Package Manager] UpmClient::Send -- Unable to send message (not connected to UPM process).
[Package Manager] Cannot connect to Unity Package Manager local server
Mono: successfully reloaded assembly
- Finished resetting the current domain, in  0.688 seconds
Domain Reload Profiling: 1414ms
	BeginReloadAssembly (115ms)
		ExecutionOrderSort (0ms)
		DisableScriptedObjects (4ms)
		BackupInstance (0ms)
		ReleaseScriptingObjects (0ms)
		CreateAndSetChildDomain (19ms)
	RebuildCommonClasses (29ms)
	RebuildNativeTypeToScriptingClass (9ms)
	initialDomainReloadingComplete (30ms)
	LoadAllAssembliesAndSetupDomain (543ms)
		LoadAssemblies (256ms)
		RebuildTransferFunctionScriptingTraits (0ms)
		AnalyzeDomain (350ms)
			TypeCache.Refresh (313ms)
				TypeCache.ScanAssembly (260ms)
			ScanForSourceGeneratedMonoScriptInfo (25ms)
			ResolveRequiredComponents (10ms)
	FinalizeReload (688ms)
		ReleaseScriptCaches (0ms)
		RebuildScriptCaches (0ms)
		SetupLoadedEditorAssemblies (501ms)
			LogAssemblyErrors (0ms)
			InitializePlatformSupportModulesInManaged (16ms)
			SetLoadedEditorAssemblies (4ms)
			RefreshPlugins (0ms)
			BeforeProcessingInitializeOnLoad (73ms)
			ProcessInitializeOnLoadAttributes (379ms)
			ProcessInitializeOnLoadMethodAttributes (26ms)
			AfterProcessingInitializeOnLoad (2ms)
			EditorAssembliesLoaded (0ms)
		ExecutionOrderSort2 (0ms)
		AwakeInstancesAfterBackupRestoration (6ms)
Launched and connected shader compiler UnityShaderCompiler.exe after 0.03 seconds
Refreshing native plugins compatible for Editor in 3.39 ms, found 3 plugins.
Preloading 0 native plugins for Editor in 0.00 ms.
Unloading 7143 Unused Serialized files (Serialized files now loaded: 0)
Unloading 257 unused Assets / (14.5 MB). Loaded Objects now: 7495.
Memory consumption went from 443.7 MB to 429.2 MB.
Total: 5.425600 ms (FindLiveObjects: 0.500200 ms CreateObjectMapping: 0.269100 ms MarkObjects: 2.467400 ms  DeleteObjects: 2.185300 ms)

AssetImportParameters requested are different than current active one (requested -> active):
  custom:container-demuxer-ogg: 62fdf1f143b41e24485cea50d1cbac27 -> 
  custom:scripting/monoscript/fileName/ObjectData.cs: 786d700a63fb8f3123f2505b3ce0b3da -> d4219b6c6f0082b5cb1b6d230efd3920
  custom:framework-win-MediaFoundation: 216162199b28c13a410421893ffa2e32 -> 
  custom:container-muxer-webm: aa71ff27fc2769a1b78a27578f13a17b -> 
  custom:video-decoder-webm-vp8: 9c59270c3fd7afecdb556c50c9e8de78 -> 
  custom:SearchIndexIgnoredProperties: e643bd26f0fe6173181afceb89e7c659 -> 
  custom:AudioImporter_EditorPlatform: d09bf68614088b80899f8185d706f6e7 -> 
  custom:scripting/monoscript/fileName/InventoryItem.cs: ecd715f8f93028e94f181869addda76c -> 2264a5f00242f221d2a7e889728146c8
  custom:audio-decoder-ogg-vorbis: bf7c407c2cedff20999df2af8eb42d56 -> 
  custom:audio-encoder-webm-vorbis: bf7c407c2cedff20999df2af8eb42d56 -> 
  custom:scripting/monoscript/fileName/InventoryData.cs: 136dce439baa2cf5edfd0e9c29a17059 -> 211d53ab95e6eec56294c3e81c9b999f
  custom:video-decoder-ogg-theora: a1e56fd34408186e4bbccfd4996cb3dc -> 
  custom:CustomObjectIndexerAttribute: a3ef5dd2817f97addfee359851a9dba5 -> 
  custom:container-demuxer-webm: 4f35f7cbe854078d1ac9338744f61a02 -> 
  custom:scripting/monoscript/fileName/InventoryView.cs: 7a4f8d5fc60d08367880e6210ed011f5 -> 7f9613dc4aa8a29d16f591f1b91a8519
  custom:scripting/monoscript/fileName/ScriptableItem.cs: fc09daa5bf4062ad10920e05ba1eba53 -> 620d5aa1ffba997060911be0f0c7bafb
  custom:video-encoder-webm-vp8: eb34c28f22e8b96e1ab97ce403110664 -> 
========================================================================
Received Import Request.
  Time since last request: 752328.470947 seconds.
  path: Assets/Source/Water/#NVJOB Water Shaders V2/Example Scenes/Environment/Palm Trees
  artifactKey: Guid(f3f665e0773c4ad18ae3d4994765eab1) Importer(815301076,1909f56bfc062723c751e8b465ee728b)
Start importing Assets/Source/Water/#NVJOB Water Shaders V2/Example Scenes/Environment/Palm Trees using Guid(f3f665e0773c4ad18ae3d4994765eab1) Importer(815301076,1909f56bfc062723c751e8b465ee728b)  -> (artifact id: '11f134c18e0b91df902df589117e5361') in 0.002642 seconds
Number of updated asset objects reloaded before import = 0
Number of asset objects unloaded after import = 0
========================================================================
Received Import Request.
  Time since last request: 0.931226 seconds.
  path: Assets/Source/Water/#NVJOB Water Shaders V2/Example Scenes/Environment/Palm Trees/Materials
  artifactKey: Guid(3928b5d8132442dc96d7a541c01e905c) Importer(815301076,1909f56bfc062723c751e8b465ee728b)
Start importing Assets/Source/Water/#NVJOB Water Shaders V2/Example Scenes/Environment/Palm Trees/Materials using Guid(3928b5d8132442dc96d7a541c01e905c) Importer(815301076,1909f56bfc062723c751e8b465ee728b)  -> (artifact id: 'f42f02f6c269e2ce5126d1bc976cedfe') in 0.000599 seconds
Number of updated asset objects reloaded before import = 0
Number of asset objects unloaded after import = 0
========================================================================
Received Import Request.
  Time since last request: 152.943183 seconds.
  path: Assets/Scripts/Scripts/Door.cs
  artifactKey: Guid(9d6919b9db4966d498b7c866c624a57e) Importer(815301076,1909f56bfc062723c751e8b465ee728b)
Start importing Assets/Scripts/Scripts/Door.cs using Guid(9d6919b9db4966d498b7c866c624a57e) Importer(815301076,1909f56bfc062723c751e8b465ee728b)  -> (artifact id: 'cfe7032d7565af7ff0f19ea85ff475a6') in 0.000615 seconds
Number of updated asset objects reloaded before import = 0
Number of asset objects unloaded after import = 0
========================================================================
Received Import Request.
  Time since last request: 1.302966 seconds.
  path: Assets/FantasyEnvironments/Environments/Town/Scripts/Door.cs
  artifactKey: Guid(3c572774c6a023847b60b7698271e6ff) Importer(815301076,1909f56bfc062723c751e8b465ee728b)
Start importing Assets/FantasyEnvironments/Environments/Town/Scripts/Door.cs using Guid(3c572774c6a023847b60b7698271e6ff) Importer(815301076,1909f56bfc062723c751e8b465ee728b)  -> (artifact id: '8f998c8eea4afb41abae7e380b3eefd5') in 0.000574 seconds
Number of updated asset objects reloaded before import = 0
Number of asset objects unloaded after import = 0
========================================================================
Received Prepare
Begin MonoManager ReloadAssembly
- Loaded All Assemblies, in  0.453 seconds
Refreshing native plugins compatible for Editor in 2.43 ms, found 3 plugins.
Native extension for WindowsStandalone target not found
Native extension for Android target not found
[Package Manager] Server::EnsureServerProcessIsRunning -- launch failed, reason: Unity was launched with the -noUpm command-line argument
[Package Manager] UpmClient::Send -- Unable to send message (not connected to UPM process).
[Package Manager] Cannot connect to Unity Package Manager local server
Mono: successfully reloaded assembly
- Finished resetting the current domain, in  1.180 seconds
Domain Reload Profiling: 1632ms
	BeginReloadAssembly (136ms)
		ExecutionOrderSort (0ms)
		DisableScriptedObjects (4ms)
		BackupInstance (0ms)
		ReleaseScriptingObjects (0ms)
		CreateAndSetChildDomain (37ms)
	RebuildCommonClasses (25ms)
	RebuildNativeTypeToScriptingClass (9ms)
	initialDomainReloadingComplete (20ms)
	LoadAllAssembliesAndSetupDomain (261ms)
		LoadAssemblies (251ms)
		RebuildTransferFunctionScriptingTraits (0ms)
		AnalyzeDomain (77ms)
			TypeCache.Refresh (16ms)
				TypeCache.ScanAssembly (3ms)
			ScanForSourceGeneratedMonoScriptInfo (48ms)
			ResolveRequiredComponents (12ms)
	FinalizeReload (1181ms)
		ReleaseScriptCaches (0ms)
		RebuildScriptCaches (0ms)
		SetupLoadedEditorAssemblies (497ms)
			LogAssemblyErrors (0ms)
			InitializePlatformSupportModulesInManaged (21ms)
			SetLoadedEditorAssemblies (7ms)
			RefreshPlugins (0ms)
			BeforeProcessingInitializeOnLoad (79ms)
			ProcessInitializeOnLoadAttributes (361ms)
			ProcessInitializeOnLoadMethodAttributes (26ms)
			AfterProcessingInitializeOnLoad (3ms)
			EditorAssembliesLoaded (0ms)
		ExecutionOrderSort2 (0ms)
		AwakeInstancesAfterBackupRestoration (4ms)
Refreshing native plugins compatible for Editor in 4.64 ms, found 3 plugins.
Preloading 0 native plugins for Editor in 0.00 ms.
Unloading 6876 Unused Serialized files (Serialized files now loaded: 0)
Unloading 202 unused Assets / (14.5 MB). Loaded Objects now: 7511.
Memory consumption went from 380.1 MB to 365.6 MB.
Total: 9.003900 ms (FindLiveObjects: 0.808900 ms CreateObjectMapping: 0.719000 ms MarkObjects: 3.633400 ms  DeleteObjects: 3.840800 ms)

Prepare: number of updated asset objects reloaded= 0
AssetImportParameters requested are different than current active one (requested -> active):
  custom:container-demuxer-ogg: 62fdf1f143b41e24485cea50d1cbac27 -> 
  custom:scripting/monoscript/fileName/ObjectData.cs: 786d700a63fb8f3123f2505b3ce0b3da -> d4219b6c6f0082b5cb1b6d230efd3920
  custom:framework-win-MediaFoundation: 216162199b28c13a410421893ffa2e32 -> 
  custom:container-muxer-webm: aa71ff27fc2769a1b78a27578f13a17b -> 
  custom:video-decoder-webm-vp8: 9c59270c3fd7afecdb556c50c9e8de78 -> 
  custom:SearchIndexIgnoredProperties: e643bd26f0fe6173181afceb89e7c659 -> 
  custom:AudioImporter_EditorPlatform: d09bf68614088b80899f8185d706f6e7 -> 
  custom:scripting/monoscript/fileName/InventoryItem.cs: ecd715f8f93028e94f181869addda76c -> 2264a5f00242f221d2a7e889728146c8
  custom:audio-decoder-ogg-vorbis: bf7c407c2cedff20999df2af8eb42d56 -> 
  custom:audio-encoder-webm-vorbis: bf7c407c2cedff20999df2af8eb42d56 -> 
  custom:scripting/monoscript/fileName/InventoryData.cs: 136dce439baa2cf5edfd0e9c29a17059 -> 211d53ab95e6eec56294c3e81c9b999f
  custom:video-decoder-ogg-theora: a1e56fd34408186e4bbccfd4996cb3dc -> 
  custom:CustomObjectIndexerAttribute: a3ef5dd2817f97addfee359851a9dba5 -> 
  custom:container-demuxer-webm: 4f35f7cbe854078d1ac9338744f61a02 -> 
  custom:scripting/monoscript/fileName/InventoryView.cs: 7a4f8d5fc60d08367880e6210ed011f5 -> 7f9613dc4aa8a29d16f591f1b91a8519
  custom:scripting/monoscript/fileName/ScriptableItem.cs: fc09daa5bf4062ad10920e05ba1eba53 -> 620d5aa1ffba997060911be0f0c7bafb
  custom:video-encoder-webm-vp8: eb34c28f22e8b96e1ab97ce403110664 -> 
========================================================================
Received Import Request.
  Time since last request: 39.811863 seconds.
  path: Assets/FantasyEnvironments/Environments/Town/Animations/Door.controller
  artifactKey: Guid(2d5f7720aaff1ee4ea406f4a53eee095) Importer(815301076,1909f56bfc062723c751e8b465ee728b)
Start importing Assets/FantasyEnvironments/Environments/Town/Animations/Door.controller using Guid(2d5f7720aaff1ee4ea406f4a53eee095) Importer(815301076,1909f56bfc062723c751e8b465ee728b)  -> (artifact id: 'e5f3a2df5af87682380f36909add698e') in 0.027378 seconds
Number of updated asset objects reloaded before import = 0
Number of asset objects unloaded after import = 9
========================================================================
Received Import Request.
  Time since last request: 0.272116 seconds.
  path: Assets/Scripts/Scripts/Door.cs
  artifactKey: Guid(9d6919b9db4966d498b7c866c624a57e) Importer(815301076,1909f56bfc062723c751e8b465ee728b)
Start importing Assets/Scripts/Scripts/Door.cs using Guid(9d6919b9db4966d498b7c866c624a57e) Importer(815301076,1909f56bfc062723c751e8b465ee728b)  -> (artifact id: 'ee8998baccf243541c1e4b9ce482f742') in 0.000521 seconds
Number of updated asset objects reloaded before import = 0
Number of asset objects unloaded after import = 0
========================================================================
Received Import Request.
  Time since last request: 0.576737 seconds.
  path: Assets/FantasyEnvironments/Environments/Town/Scripts/Door.cs
  artifactKey: Guid(3c572774c6a023847b60b7698271e6ff) Importer(815301076,1909f56bfc062723c751e8b465ee728b)
Start importing Assets/FantasyEnvironments/Environments/Town/Scripts/Door.cs using Guid(3c572774c6a023847b60b7698271e6ff) Importer(815301076,1909f56bfc062723c751e8b465ee728b)  -> (artifact id: '87ffdbee6373a248f265e787343b97e8') in 0.000532 seconds
Number of updated asset objects reloaded before import = 0
Number of asset objects unloaded after import = 0
========================================================================
Received Prepare
Begin MonoManager ReloadAssembly
- Loaded All Assemblies, in  0.387 seconds
Refreshing native plugins compatible for Editor in 2.52 ms, found 3 plugins.
Native extension for WindowsStandalone target not found
Native extension for Android target not found
[Package Manager] Server::EnsureServerProcessIsRunning -- launch failed, reason: Unity was launched with the -noUpm command-line argument
[Package Manager] UpmClient::Send -- Unable to send message (not connected to UPM process).
[Package Manager] Cannot connect to Unity Package Manager local server
Mono: successfully reloaded assembly
- Finished resetting the current domain, in  1.248 seconds
Domain Reload Profiling: 1633ms
	BeginReloadAssembly (132ms)
		ExecutionOrderSort (0ms)
		DisableScriptedObjects (4ms)
		BackupInstance (0ms)
		ReleaseScriptingObjects (0ms)
		CreateAndSetChildDomain (41ms)
	RebuildCommonClasses (26ms)
	RebuildNativeTypeToScriptingClass (9ms)
	initialDomainReloadingComplete (23ms)
	LoadAllAssembliesAndSetupDomain (194ms)
		LoadAssemblies (233ms)
		RebuildTransferFunctionScriptingTraits (0ms)
		AnalyzeDomain (21ms)
			TypeCache.Refresh (8ms)
				TypeCache.ScanAssembly (0ms)
			ScanForSourceGeneratedMonoScriptInfo (0ms)
			ResolveRequiredComponents (11ms)
	FinalizeReload (1248ms)
		ReleaseScriptCaches (0ms)
		RebuildScriptCaches (0ms)
		SetupLoadedEditorAssemblies (488ms)
			LogAssemblyErrors (0ms)
			InitializePlatformSupportModulesInManaged (17ms)
			SetLoadedEditorAssemblies (5ms)
			RefreshPlugins (0ms)
			BeforeProcessingInitializeOnLoad (80ms)
			ProcessInitializeOnLoadAttributes (358ms)
			ProcessInitializeOnLoadMethodAttributes (25ms)
			AfterProcessingInitializeOnLoad (2ms)
			EditorAssembliesLoaded (0ms)
		ExecutionOrderSort2 (0ms)
		AwakeInstancesAfterBackupRestoration (4ms)
Refreshing native plugins compatible for Editor in 4.55 ms, found 3 plugins.
Preloading 0 native plugins for Editor in 0.00 ms.
Unloading 6875 Unused Serialized files (Serialized files now loaded: 0)
Unloading 203 unused Assets / (14.5 MB). Loaded Objects now: 7526.
Memory consumption went from 380.1 MB to 365.6 MB.
Total: 9.352700 ms (FindLiveObjects: 0.720600 ms CreateObjectMapping: 0.594700 ms MarkObjects: 4.177000 ms  DeleteObjects: 3.858600 ms)

Prepare: number of updated asset objects reloaded= 0
AssetImportParameters requested are different than current active one (requested -> active):
  custom:container-demuxer-ogg: 62fdf1f143b41e24485cea50d1cbac27 -> 
  custom:scripting/monoscript/fileName/ObjectData.cs: 786d700a63fb8f3123f2505b3ce0b3da -> d4219b6c6f0082b5cb1b6d230efd3920
  custom:framework-win-MediaFoundation: 216162199b28c13a410421893ffa2e32 -> 
  custom:container-muxer-webm: aa71ff27fc2769a1b78a27578f13a17b -> 
  custom:video-decoder-webm-vp8: 9c59270c3fd7afecdb556c50c9e8de78 -> 
  custom:SearchIndexIgnoredProperties: e643bd26f0fe6173181afceb89e7c659 -> 
  custom:AudioImporter_EditorPlatform: d09bf68614088b80899f8185d706f6e7 -> 
  custom:scripting/monoscript/fileName/InventoryItem.cs: ecd715f8f93028e94f181869addda76c -> 2264a5f00242f221d2a7e889728146c8
  custom:audio-decoder-ogg-vorbis: bf7c407c2cedff20999df2af8eb42d56 -> 
  custom:audio-encoder-webm-vorbis: bf7c407c2cedff20999df2af8eb42d56 -> 
  custom:scripting/monoscript/fileName/InventoryData.cs: 136dce439baa2cf5edfd0e9c29a17059 -> 211d53ab95e6eec56294c3e81c9b999f
  custom:video-decoder-ogg-theora: a1e56fd34408186e4bbccfd4996cb3dc -> 
  custom:CustomObjectIndexerAttribute: a3ef5dd2817f97addfee359851a9dba5 -> 
  custom:container-demuxer-webm: 4f35f7cbe854078d1ac9338744f61a02 -> 
  custom:scripting/monoscript/fileName/InventoryView.cs: 7a4f8d5fc60d08367880e6210ed011f5 -> 7f9613dc4aa8a29d16f591f1b91a8519
  custom:scripting/monoscript/fileName/ScriptableItem.cs: fc09daa5bf4062ad10920e05ba1eba53 -> 620d5aa1ffba997060911be0f0c7bafb
  custom:video-encoder-webm-vp8: eb34c28f22e8b96e1ab97ce403110664 -> 
========================================================================
Received Import Request.
  Time since last request: 57.884963 seconds.
  path: Assets/FantasyEnvironments
  artifactKey: Guid(8fc0413669b990a41b107169cb50a10b) Importer(815301076,1909f56bfc062723c751e8b465ee728b)
Start importing Assets/FantasyEnvironments using Guid(8fc0413669b990a41b107169cb50a10b) Importer(815301076,1909f56bfc062723c751e8b465ee728b)  -> (artifact id: 'f9fe82106e8e9eac7334c7bee11bbdf2') in 0.001503 seconds
Number of updated asset objects reloaded before import = 0
Number of asset objects unloaded after import = 0
========================================================================
Received Import Request.
  Time since last request: 0.949629 seconds.
  path: Assets/FantasyEnvironments/Environments
  artifactKey: Guid(b65037222b1418248ad5e3d35bf81d24) Importer(815301076,1909f56bfc062723c751e8b465ee728b)
Start importing Assets/FantasyEnvironments/Environments using Guid(b65037222b1418248ad5e3d35bf81d24) Importer(815301076,1909f56bfc062723c751e8b465ee728b)  -> (artifact id: 'e709d84b7dda4ea32f8e3242d721f13d') in 0.000483 seconds
Number of updated asset objects reloaded before import = 0
Number of asset objects unloaded after import = 0
========================================================================
Received Import Request.
  Time since last request: 1.420744 seconds.
  path: Assets/FantasyEnvironments/Environments/Prefabs
  artifactKey: Guid(ef07e65e41d5b9643a6fed8822f68b6d) Importer(815301076,1909f56bfc062723c751e8b465ee728b)
Start importing Assets/FantasyEnvironments/Environments/Prefabs using Guid(ef07e65e41d5b9643a6fed8822f68b6d) Importer(815301076,1909f56bfc062723c751e8b465ee728b)  -> (artifact id: 'd69055909d635a1d64712de53a76c280') in 0.000610 seconds
Number of updated asset objects reloaded before import = 0
Number of asset objects unloaded after import = 0
========================================================================
Received Import Request.
  Time since last request: 9.460563 seconds.
  path: Assets/FantasyEnvironments/Environments/Prefabs/Bush1.prefab
  artifactKey: Guid(e6ee60cd48ca7fa478e3065e30330864) Importer(815301076,1909f56bfc062723c751e8b465ee728b)
Start importing Assets/FantasyEnvironments/Environments/Prefabs/Bush1.prefab using Guid(e6ee60cd48ca7fa478e3065e30330864) Importer(815301076,1909f56bfc062723c751e8b465ee728b)  -> (artifact id: '3e44715f641ca3ddbdcd5066dccddee0') in 0.279748 seconds
Number of updated asset objects reloaded before import = 0
Number of asset objects unloaded after import = 16
========================================================================
Received Import Request.
  Time since last request: 0.000025 seconds.
  path: Assets/FantasyEnvironments/Environments/Prefabs/Fern2.prefab
  artifactKey: Guid(cfe991abfe1d8a34e90a8b8d50f9a61c) Importer(815301076,1909f56bfc062723c751e8b465ee728b)
Start importing Assets/FantasyEnvironments/Environments/Prefabs/Fern2.prefab using Guid(cfe991abfe1d8a34e90a8b8d50f9a61c) Importer(815301076,1909f56bfc062723c751e8b465ee728b)  -> (artifact id: 'f68ab1ebdbc86239780fd2a028a4cc63') in 0.027316 seconds
Number of updated asset objects reloaded before import = 0
Number of asset objects unloaded after import = 16
========================================================================
Received Import Request.
  Time since last request: 0.000031 seconds.
  path: Assets/FantasyEnvironments/Environments/Prefabs/Grass4.prefab
  artifactKey: Guid(c00784b589bee494b831054cc54dbf7b) Importer(815301076,1909f56bfc062723c751e8b465ee728b)
Start importing Assets/FantasyEnvironments/Environments/Prefabs/Grass4.prefab using Guid(c00784b589bee494b831054cc54dbf7b) Importer(815301076,1909f56bfc062723c751e8b465ee728b)  -> (artifact id: '1387659062e05bfd7b95255d42c8a9c6') in 0.014855 seconds
Number of updated asset objects reloaded before import = 0
Number of asset objects unloaded after import = 16
========================================================================
Received Import Request.
  Time since last request: 0.000017 seconds.
  path: Assets/FantasyEnvironments/Environments/Prefabs/Mushroom3.prefab
  artifactKey: Guid(1ceaf06647257394f8d75a1759c6be00) Importer(815301076,1909f56bfc062723c751e8b465ee728b)
Start importing Assets/FantasyEnvironments/Environments/Prefabs/Mushroom3.prefab using Guid(1ceaf06647257394f8d75a1759c6be00) Importer(815301076,1909f56bfc062723c751e8b465ee728b)  -> (artifact id: '156ea7efc40aed91f7377a7e91cd6b97') in 0.018767 seconds
Number of updated asset objects reloaded before import = 0
Number of asset objects unloaded after import = 16
========================================================================
Received Import Request.
  Time since last request: 0.000017 seconds.
  path: Assets/FantasyEnvironments/Environments/Prefabs/Grass1.prefab
  artifactKey: Guid(91d8d8ad5c541394c80f7cc7e1fd253b) Importer(815301076,1909f56bfc062723c751e8b465ee728b)
Start importing Assets/FantasyEnvironments/Environments/Prefabs/Grass1.prefab using Guid(91d8d8ad5c541394c80f7cc7e1fd253b) Importer(815301076,1909f56bfc062723c751e8b465ee728b)  -> (artifact id: '873dbec84cc11d4fd0b5ecdf66b8acac') in 0.014699 seconds
Number of updated asset objects reloaded before import = 0
Number of asset objects unloaded after import = 16
========================================================================
Received Import Request.
  Time since last request: 0.000017 seconds.
  path: Assets/FantasyEnvironments/Environments/Prefabs/Flower7.prefab
  artifactKey: Guid(7f72c76c87dff5149967072a8aabddef) Importer(815301076,1909f56bfc062723c751e8b465ee728b)
Start importing Assets/FantasyEnvironments/Environments/Prefabs/Flower7.prefab using Guid(7f72c76c87dff5149967072a8aabddef) Importer(815301076,1909f56bfc062723c751e8b465ee728b)  -> (artifact id: '151337aae2d4583594cf21be74897c68') in 0.018400 seconds
Number of updated asset objects reloaded before import = 0
Number of asset objects unloaded after import = 16
========================================================================
Received Import Request.
  Time since last request: 0.000023 seconds.
  path: Assets/FantasyEnvironments/Environments/Prefabs/Grass2.prefab
  artifactKey: Guid(8e20bb73d6781f047a846b8e13553d15) Importer(815301076,1909f56bfc062723c751e8b465ee728b)
Start importing Assets/FantasyEnvironments/Environments/Prefabs/Grass2.prefab using Guid(8e20bb73d6781f047a846b8e13553d15) Importer(815301076,1909f56bfc062723c751e8b465ee728b)  -> (artifact id: '6f6135091af078fbe994a1754535b726') in 0.017834 seconds
Number of updated asset objects reloaded before import = 0
Number of asset objects unloaded after import = 16
========================================================================
Received Import Request.
  Time since last request: 0.000019 seconds.
  path: Assets/FantasyEnvironments/Environments/Prefabs/Rock2.prefab
  artifactKey: Guid(86263e8355f96ba4ab9fdf4e96c2090f) Importer(815301076,1909f56bfc062723c751e8b465ee728b)
Start importing Assets/FantasyEnvironments/Environments/Prefabs/Rock2.prefab using Guid(86263e8355f96ba4ab9fdf4e96c2090f) Importer(815301076,1909f56bfc062723c751e8b465ee728b)  -> (artifact id: 'c444926f6b895f5bcb6ee3869772cf2a') in 0.181276 seconds
Number of updated asset objects reloaded before import = 0
Number of asset objects unloaded after import = 10
========================================================================
Received Import Request.
  Time since last request: 0.000022 seconds.
  path: Assets/FantasyEnvironments/Environments/Prefabs/Mushroom4.prefab
  artifactKey: Guid(f8b92e99d9eca054e95b618e5ed82ea9) Importer(815301076,1909f56bfc062723c751e8b465ee728b)
Start importing Assets/FantasyEnvironments/Environments/Prefabs/Mushroom4.prefab using Guid(f8b92e99d9eca054e95b618e5ed82ea9) Importer(815301076,1909f56bfc062723c751e8b465ee728b)  -> (artifact id: 'a7f0b911fbd3809861e191a2451d62ff') in 0.018214 seconds
Number of updated asset objects reloaded before import = 0
Number of asset objects unloaded after import = 16
========================================================================
Received Import Request.
  Time since last request: 0.000042 seconds.
  path: Assets/FantasyEnvironments/Environments/Prefabs/Grass3.prefab
  artifactKey: Guid(ea784f90c6a294d4c943e54ce9184fb2) Importer(815301076,1909f56bfc062723c751e8b465ee728b)
Start importing Assets/FantasyEnvironments/Environments/Prefabs/Grass3.prefab using Guid(ea784f90c6a294d4c943e54ce9184fb2) Importer(815301076,1909f56bfc062723c751e8b465ee728b)  -> (artifact id: '6c0813b437b9c4f23e570bf644acae22') in 0.022908 seconds
Number of updated asset objects reloaded before import = 0
Number of asset objects unloaded after import = 16
========================================================================
Received Import Request.
  Time since last request: 0.000027 seconds.
  path: Assets/FantasyEnvironments/Environments/Prefabs/Rye.prefab
  artifactKey: Guid(18b3653ff6ace964c9b8347669591485) Importer(815301076,1909f56bfc062723c751e8b465ee728b)
Start importing Assets/FantasyEnvironments/Environments/Prefabs/Rye.prefab using Guid(18b3653ff6ace964c9b8347669591485) Importer(815301076,1909f56bfc062723c751e8b465ee728b)  -> (artifact id: '8339fdd114b6b2be98023fc29187595f') in 0.023963 seconds
Number of updated asset objects reloaded before import = 0
Number of asset objects unloaded after import = 16
========================================================================
Received Import Request.
  Time since last request: 0.000023 seconds.
  path: Assets/FantasyEnvironments/Environments/Prefabs/Flower1.prefab
  artifactKey: Guid(7358ad30e7ab6be4b8cf21062d019675) Importer(815301076,1909f56bfc062723c751e8b465ee728b)
Start importing Assets/FantasyEnvironments/Environments/Prefabs/Flower1.prefab using Guid(7358ad30e7ab6be4b8cf21062d019675) Importer(815301076,1909f56bfc062723c751e8b465ee728b)  -> (artifact id: '0693be34a7683a1a3a660b8bea509c98') in 0.020437 seconds
Number of updated asset objects reloaded before import = 0
Number of asset objects unloaded after import = 16
========================================================================
Received Import Request.
  Time since last request: 0.000020 seconds.
  path: Assets/FantasyEnvironments/Environments/Prefabs/Plant1.prefab
  artifactKey: Guid(b33ce8376149eb040be6057eed2bd12f) Importer(815301076,1909f56bfc062723c751e8b465ee728b)
Start importing Assets/FantasyEnvironments/Environments/Prefabs/Plant1.prefab using Guid(b33ce8376149eb040be6057eed2bd12f) Importer(815301076,1909f56bfc062723c751e8b465ee728b)  -> (artifact id: 'f66a42a89acee65c2a657426a8d7653f') in 0.016471 seconds
Number of updated asset objects reloaded before import = 0
Number of asset objects unloaded after import = 16
========================================================================
Received Import Request.
  Time since last request: 0.000026 seconds.
  path: Assets/FantasyEnvironments/Environments/Prefabs/Plant5.prefab
  artifactKey: Guid(0e418186bde4c6d4ab2d787c4e5346db) Importer(815301076,1909f56bfc062723c751e8b465ee728b)
Start importing Assets/FantasyEnvironments/Environments/Prefabs/Plant5.prefab using Guid(0e418186bde4c6d4ab2d787c4e5346db) Importer(815301076,1909f56bfc062723c751e8b465ee728b)  -> (artifact id: '971f3b92edc15221c4d6b4384dafb6a5') in 0.018030 seconds
Number of updated asset objects reloaded before import = 0
Number of asset objects unloaded after import = 16
========================================================================
Received Import Request.
  Time since last request: 0.000022 seconds.
  path: Assets/FantasyEnvironments/Environments/Prefabs/Mushroom2.prefab
  artifactKey: Guid(4c2012bc51015e8438152a82f7d7dc32) Importer(815301076,1909f56bfc062723c751e8b465ee728b)
Start importing Assets/FantasyEnvironments/Environments/Prefabs/Mushroom2.prefab using Guid(4c2012bc51015e8438152a82f7d7dc32) Importer(815301076,1909f56bfc062723c751e8b465ee728b)  -> (artifact id: '25b1097d6a98193816d5ab09ae112f3c') in 0.016406 seconds
Number of updated asset objects reloaded before import = 0
Number of asset objects unloaded after import = 16
========================================================================
Received Import Request.
  Time since last request: 0.000043 seconds.
  path: Assets/FantasyEnvironments/Environments/Prefabs/Stone1_detail.prefab
  artifactKey: Guid(9f1468c423fda7e4988d5a9473b17de1) Importer(815301076,1909f56bfc062723c751e8b465ee728b)
Start importing Assets/FantasyEnvironments/Environments/Prefabs/Stone1_detail.prefab using Guid(9f1468c423fda7e4988d5a9473b17de1) Importer(815301076,1909f56bfc062723c751e8b465ee728b)  -> (artifact id: '9e715c3b349b502d18e1d044557eb471') in 0.017742 seconds
Number of updated asset objects reloaded before import = 0
Number of asset objects unloaded after import = 16
========================================================================
Received Import Request.
  Time since last request: 0.000020 seconds.
  path: Assets/FantasyEnvironments/Environments/Prefabs/Flower5.prefab
  artifactKey: Guid(cd03a41894dab5e49abe8481b9a4a630) Importer(815301076,1909f56bfc062723c751e8b465ee728b)
Start importing Assets/FantasyEnvironments/Environments/Prefabs/Flower5.prefab using Guid(cd03a41894dab5e49abe8481b9a4a630) Importer(815301076,1909f56bfc062723c751e8b465ee728b)  -> (artifact id: '01dfdc2a58e8bf8ed7d435a76b40cf2b') in 0.018592 seconds
Number of updated asset objects reloaded before import = 0
Number of asset objects unloaded after import = 16
========================================================================
Received Import Request.
  Time since last request: 4.605596 seconds.
  path: Assets/FantasyEnvironments/Environments/Terrain 1.asset
  artifactKey: Guid(da9b55dbdaa1b884a93ae3a0ead6902f) Importer(815301076,1909f56bfc062723c751e8b465ee728b)
Start importing Assets/FantasyEnvironments/Environments/Terrain 1.asset using Guid(da9b55dbdaa1b884a93ae3a0ead6902f) Importer(815301076,1909f56bfc062723c751e8b465ee728b)  -> (artifact id: 'c3605fdb44192ba3b642d476133ebea0') in 0.137164 seconds
Number of updated asset objects reloaded before import = 0
Number of asset objects unloaded after import = 316
========================================================================
Received Import Request.
  Time since last request: 3.192757 seconds.
  path: Assets/FantasyEnvironments/FX
  artifactKey: Guid(e6d0d0b5547785c4da900d74927a5b67) Importer(815301076,1909f56bfc062723c751e8b465ee728b)
Start importing Assets/FantasyEnvironments/FX using Guid(e6d0d0b5547785c4da900d74927a5b67) Importer(815301076,1909f56bfc062723c751e8b465ee728b)  -> (artifact id: 'e1b6c0209368c25432d6999b1d977aca') in 0.000748 seconds
Number of updated asset objects reloaded before import = 0
Number of asset objects unloaded after import = 0
========================================================================
Received Import Request.
  Time since last request: 0.029699 seconds.
  path: Assets/FantasyEnvironments/FX/CandleParticle.mat
  artifactKey: Guid(d3a726d39a1df3b49bcf49e5adb021b2) Importer(815301076,1909f56bfc062723c751e8b465ee728b)
Start importing Assets/FantasyEnvironments/FX/CandleParticle.mat using Guid(d3a726d39a1df3b49bcf49e5adb021b2) Importer(815301076,1909f56bfc062723c751e8b465ee728b)  -> (artifact id: '143371c199e36f16813650b9f3765585') in 0.053441 seconds
Number of updated asset objects reloaded before import = 0
Number of asset objects unloaded after import = 2
========================================================================
Received Import Request.
  Time since last request: 71.532865 seconds.
  path: Assets/FantasyEnvironments/Environments/FBX
  artifactKey: Guid(50ff1cb4c684c544a8b5b043cdc6a81b) Importer(815301076,1909f56bfc062723c751e8b465ee728b)
Start importing Assets/FantasyEnvironments/Environments/FBX using Guid(50ff1cb4c684c544a8b5b043cdc6a81b) Importer(815301076,1909f56bfc062723c751e8b465ee728b)  -> (artifact id: '56dcacbb9c22fb250cc9867bedf70ff9') in 0.000622 seconds
Number of updated asset objects reloaded before import = 0
Number of asset objects unloaded after import = 0
========================================================================
Received Import Request.
  Time since last request: 0.030719 seconds.
  path: Assets/FantasyEnvironments/Environments/FBX/Bush1.fbx
  artifactKey: Guid(f93e6482cb24f0c4494510d08f0b66e3) Importer(815301076,1909f56bfc062723c751e8b465ee728b)
Start importing Assets/FantasyEnvironments/Environments/FBX/Bush1.fbx using Guid(f93e6482cb24f0c4494510d08f0b66e3) Importer(815301076,1909f56bfc062723c751e8b465ee728b)  -> (artifact id: '55f999ada55cdb806905a454412a1add') in 0.054611 seconds
Number of updated asset objects reloaded before import = 0
Number of asset objects unloaded after import = 9
========================================================================
Received Import Request.
  Time since last request: 0.000029 seconds.
  path: Assets/FantasyEnvironments/Environments/FBX/Stone1_detail.fbx
  artifactKey: Guid(dd83a56d3f3dcf048a9d5d85577db695) Importer(815301076,1909f56bfc062723c751e8b465ee728b)
Start importing Assets/FantasyEnvironments/Environments/FBX/Stone1_detail.fbx using Guid(dd83a56d3f3dcf048a9d5d85577db695) Importer(815301076,1909f56bfc062723c751e8b465ee728b)  -> (artifact id: '0aee87f593ea7fb3c45ba913acd16485') in 0.033433 seconds
Number of updated asset objects reloaded before import = 0
Number of asset objects unloaded after import = 9
========================================================================
Received Import Request.
  Time since last request: 0.000016 seconds.
  path: Assets/FantasyEnvironments/Environments/FBX/Flower4.fbx
  artifactKey: Guid(0964bb0a0a898e6489bd54cdcd8c2864) Importer(815301076,1909f56bfc062723c751e8b465ee728b)
Start importing Assets/FantasyEnvironments/Environments/FBX/Flower4.fbx using Guid(0964bb0a0a898e6489bd54cdcd8c2864) Importer(815301076,1909f56bfc062723c751e8b465ee728b)  -> (artifact id: '0fac574c1cc16e27f1f51c2ddb7e251b') in 0.034383 seconds
Number of updated asset objects reloaded before import = 0
Number of asset objects unloaded after import = 9
========================================================================
Received Import Request.
  Time since last request: 0.000021 seconds.
  path: Assets/FantasyEnvironments/Environments/FBX/Plant1.fbx
  artifactKey: Guid(108b6bb4445826d4ba4f563d544c68f2) Importer(815301076,1909f56bfc062723c751e8b465ee728b)
Start importing Assets/FantasyEnvironments/Environments/FBX/Plant1.fbx using Guid(108b6bb4445826d4ba4f563d544c68f2) Importer(815301076,1909f56bfc062723c751e8b465ee728b)  -> (artifact id: '65cebb8c78ec8624fa3a447e4c98144e') in 0.018624 seconds
Number of updated asset objects reloaded before import = 0
Number of asset objects unloaded after import = 9
========================================================================
Received Import Request.
  Time since last request: 0.000024 seconds.
  path: Assets/FantasyEnvironments/Environments/FBX/Grass2.fbx
  artifactKey: Guid(927a32c231dd7f04b9fe0998737c0ee2) Importer(815301076,1909f56bfc062723c751e8b465ee728b)
Start importing Assets/FantasyEnvironments/Environments/FBX/Grass2.fbx using Guid(927a32c231dd7f04b9fe0998737c0ee2) Importer(815301076,1909f56bfc062723c751e8b465ee728b)  -> (artifact id: '9e259fdc1e52aaef8225319f97f5f454') in 0.020844 seconds
Number of updated asset objects reloaded before import = 0
Number of asset objects unloaded after import = 9
========================================================================
Received Import Request.
  Time since last request: 0.000017 seconds.
  path: Assets/FantasyEnvironments/Environments/FBX/Flower3.FBX
  artifactKey: Guid(d53294b9a4b41ef49a3d67c368a4eea1) Importer(815301076,1909f56bfc062723c751e8b465ee728b)
Start importing Assets/FantasyEnvironments/Environments/FBX/Flower3.FBX using Guid(d53294b9a4b41ef49a3d67c368a4eea1) Importer(815301076,1909f56bfc062723c751e8b465ee728b)  -> (artifact id: '214e4d935a43c88c778dddc52bf9beff') in 0.018723 seconds
Number of updated asset objects reloaded before import = 0
Number of asset objects unloaded after import = 9
========================================================================
Received Import Request.
  Time since last request: 0.000018 seconds.
  path: Assets/FantasyEnvironments/Environments/FBX/Stone3.fbx
  artifactKey: Guid(40f8bd6a7a4fd0546babb86424cedae4) Importer(815301076,1909f56bfc062723c751e8b465ee728b)
Start importing Assets/FantasyEnvironments/Environments/FBX/Stone3.fbx using Guid(40f8bd6a7a4fd0546babb86424cedae4) Importer(815301076,1909f56bfc062723c751e8b465ee728b)  -> (artifact id: '8afeb2a641d49c15cec5c66dc1f9f407') in 0.036649 seconds
Number of updated asset objects reloaded before import = 0
Number of asset objects unloaded after import = 22
========================================================================
Received Import Request.
  Time since last request: 0.000018 seconds.
  path: Assets/FantasyEnvironments/Environments/FBX/Mushroom1.fbx
  artifactKey: Guid(bdeb79af937bc3940958acedeb2e5c15) Importer(815301076,1909f56bfc062723c751e8b465ee728b)
Start importing Assets/FantasyEnvironments/Environments/FBX/Mushroom1.fbx using Guid(bdeb79af937bc3940958acedeb2e5c15) Importer(815301076,1909f56bfc062723c751e8b465ee728b)  -> (artifact id: 'cb685cca6634d2c72600b9cf5f7cc5dc') in 0.020350 seconds
Number of updated asset objects reloaded before import = 0
Number of asset objects unloaded after import = 9
========================================================================
Received Import Request.
  Time since last request: 0.000019 seconds.
  path: Assets/FantasyEnvironments/Environments/FBX/Plant3.FBX
  artifactKey: Guid(0ebd81a74cccb734e8c5b1aa1620ba01) Importer(815301076,1909f56bfc062723c751e8b465ee728b)
Start importing Assets/FantasyEnvironments/Environments/FBX/Plant3.FBX using Guid(0ebd81a74cccb734e8c5b1aa1620ba01) Importer(815301076,1909f56bfc062723c751e8b465ee728b)  -> (artifact id: 'd3b50c9243bdbd4bc23aa86e7787aaa6') in 0.022318 seconds
Number of updated asset objects reloaded before import = 0
Number of asset objects unloaded after import = 9
========================================================================
Received Import Request.
  Time since last request: 0.000017 seconds.
  path: Assets/FantasyEnvironments/Environments/FBX/Flower7.fbx
  artifactKey: Guid(241f4d724dbbf8f479047bcb94f6cda3) Importer(815301076,1909f56bfc062723c751e8b465ee728b)
Start importing Assets/FantasyEnvironments/Environments/FBX/Flower7.fbx using Guid(241f4d724dbbf8f479047bcb94f6cda3) Importer(815301076,1909f56bfc062723c751e8b465ee728b)  -> (artifact id: '4d76c6c10937e13adfbbde07149c27f2') in 0.020873 seconds
Number of updated asset objects reloaded before import = 0
Number of asset objects unloaded after import = 9
========================================================================
Received Import Request.
  Time since last request: 0.000032 seconds.
  path: Assets/FantasyEnvironments/Environments/FBX/Stone2.fbx
  artifactKey: Guid(193d92fc48f3f1e40b415f21fc05d5a4) Importer(815301076,1909f56bfc062723c751e8b465ee728b)
Start importing Assets/FantasyEnvironments/Environments/FBX/Stone2.fbx using Guid(193d92fc48f3f1e40b415f21fc05d5a4) Importer(815301076,1909f56bfc062723c751e8b465ee728b)  -> (artifact id: '5c8dbdeeaef37da1d01b8ea0f97448da') in 0.040999 seconds
Number of updated asset objects reloaded before import = 0
Number of asset objects unloaded after import = 22
========================================================================
Received Import Request.
  Time since last request: 0.000017 seconds.
  path: Assets/FantasyEnvironments/Environments/FBX/Plant2.fbx
  artifactKey: Guid(42b537f911e4b2043841474cda162afa) Importer(815301076,1909f56bfc062723c751e8b465ee728b)
Start importing Assets/FantasyEnvironments/Environments/FBX/Plant2.fbx using Guid(42b537f911e4b2043841474cda162afa) Importer(815301076,1909f56bfc062723c751e8b465ee728b)  -> (artifact id: 'd5e0ea37ac5b3bce390d7a41bc00ea81') in 0.021190 seconds
Number of updated asset objects reloaded before import = 0
Number of asset objects unloaded after import = 9
========================================================================
Received Import Request.
  Time since last request: 0.000019 seconds.
  path: Assets/FantasyEnvironments/Environments/FBX/Rock3.fbx
  artifactKey: Guid(d4b241c485632de4681f506d0b31c588) Importer(815301076,1909f56bfc062723c751e8b465ee728b)
Start importing Assets/FantasyEnvironments/Environments/FBX/Rock3.fbx using Guid(d4b241c485632de4681f506d0b31c588) Importer(815301076,1909f56bfc062723c751e8b465ee728b)  -> (artifact id: '89418e22857998f84a1a805a4d9ba538') in 0.019349 seconds
Number of updated asset objects reloaded before import = 0
Number of asset objects unloaded after import = 10
========================================================================
Received Import Request.
  Time since last request: 0.000023 seconds.
  path: Assets/FantasyEnvironments/Environments/FBX/Grass3.fbx
  artifactKey: Guid(ce04673c170c7494ab173abe6de6ae74) Importer(815301076,1909f56bfc062723c751e8b465ee728b)
Start importing Assets/FantasyEnvironments/Environments/FBX/Grass3.fbx using Guid(ce04673c170c7494ab173abe6de6ae74) Importer(815301076,1909f56bfc062723c751e8b465ee728b)  -> (artifact id: '77384bb335c5cfffbf5836e0831bd40e') in 0.019274 seconds
Number of updated asset objects reloaded before import = 0
Number of asset objects unloaded after import = 9
========================================================================
Received Import Request.
  Time since last request: 0.000019 seconds.
  path: Assets/FantasyEnvironments/Environments/FBX/Flower2.fbx
  artifactKey: Guid(d62931e0a9d452d4b8c6e29df7ab3868) Importer(815301076,1909f56bfc062723c751e8b465ee728b)
Start importing Assets/FantasyEnvironments/Environments/FBX/Flower2.fbx using Guid(d62931e0a9d452d4b8c6e29df7ab3868) Importer(815301076,1909f56bfc062723c751e8b465ee728b)  -> (artifact id: 'b2f094139fa2a1e9263fdb132881943c') in 0.018988 seconds
Number of updated asset objects reloaded before import = 0
Number of asset objects unloaded after import = 9
========================================================================
Received Import Request.
  Time since last request: 0.000025 seconds.
  path: Assets/FantasyEnvironments/Environments/FBX/Rye.fbx
  artifactKey: Guid(f802919791453ef45b015e34e9f53b23) Importer(815301076,1909f56bfc062723c751e8b465ee728b)
Start importing Assets/FantasyEnvironments/Environments/FBX/Rye.fbx using Guid(f802919791453ef45b015e34e9f53b23) Importer(815301076,1909f56bfc062723c751e8b465ee728b)  -> (artifact id: '02accba7b8e2f9676909810162053720') in 0.019386 seconds
Number of updated asset objects reloaded before import = 0
Number of asset objects unloaded after import = 9
========================================================================
Received Import Request.
  Time since last request: 0.000033 seconds.
  path: Assets/FantasyEnvironments/Environments/FBX/Mushroom5.fbx
  artifactKey: Guid(42f444b29b33b59438c6975013d78d82) Importer(815301076,1909f56bfc062723c751e8b465ee728b)
Start importing Assets/FantasyEnvironments/Environments/FBX/Mushroom5.fbx using Guid(42f444b29b33b59438c6975013d78d82) Importer(815301076,1909f56bfc062723c751e8b465ee728b)  -> (artifact id: 'f767d1a32b3734e94fdb15f6b41ed73f') in 0.019824 seconds
Number of updated asset objects reloaded before import = 0
Number of asset objects unloaded after import = 9
========================================================================
Received Import Request.
  Time since last request: 0.000024 seconds.
  path: Assets/FantasyEnvironments/Environments/FBX/Flower8.fbx
  artifactKey: Guid(08cc5c2c7dd9b644d8fa3ece3231d75b) Importer(815301076,1909f56bfc062723c751e8b465ee728b)
Start importing Assets/FantasyEnvironments/Environments/FBX/Flower8.fbx using Guid(08cc5c2c7dd9b644d8fa3ece3231d75b) Importer(815301076,1909f56bfc062723c751e8b465ee728b)  -> (artifact id: 'ea22338488c2661f6270be082ddc4a3f') in 0.019309 seconds
Number of updated asset objects reloaded before import = 0
Number of asset objects unloaded after import = 9
========================================================================
Received Import Request.
  Time since last request: 0.000014 seconds.
  path: Assets/FantasyEnvironments/Environments/FBX/Mushroom4.FBX
  artifactKey: Guid(5d978cdd2d3ac934ba544d84793e2ec2) Importer(815301076,1909f56bfc062723c751e8b465ee728b)
Start importing Assets/FantasyEnvironments/Environments/FBX/Mushroom4.FBX using Guid(5d978cdd2d3ac934ba544d84793e2ec2) Importer(815301076,1909f56bfc062723c751e8b465ee728b)  -> (artifact id: '9ef43922d37a97c7e20c8740ff8451f3') in 0.020723 seconds
Number of updated asset objects reloaded before import = 0
Number of asset objects unloaded after import = 9
========================================================================
Received Import Request.
  Time since last request: 10.936848 seconds.
  path: Assets/FantasyEnvironments/Environments/Ambient-Occlusion-Trees/FBX/Birch_tree2.fbx
  artifactKey: Guid(61419473f879b6a42adf8fed15a6cca1) Importer(815301076,1909f56bfc062723c751e8b465ee728b)
Start importing Assets/FantasyEnvironments/Environments/Ambient-Occlusion-Trees/FBX/Birch_tree2.fbx using Guid(61419473f879b6a42adf8fed15a6cca1) Importer(815301076,1909f56bfc062723c751e8b465ee728b)  -> (artifact id: '0094279d4d5a2371675dfdfdea5cf6ea') in 0.093065 seconds
Number of updated asset objects reloaded before import = 0
Number of asset objects unloaded after import = 11
========================================================================
Received Import Request.
  Time since last request: 0.000021 seconds.
  path: Assets/FantasyEnvironments/Environments/Ambient-Occlusion-Trees/FBX/Pine_tree2.fbx
  artifactKey: Guid(8eb0c94e8654b4046a7fd7d747160db7) Importer(815301076,1909f56bfc062723c751e8b465ee728b)
Start importing Assets/FantasyEnvironments/Environments/Ambient-Occlusion-Trees/FBX/Pine_tree2.fbx using Guid(8eb0c94e8654b4046a7fd7d747160db7) Importer(815301076,1909f56bfc062723c751e8b465ee728b)  -> (artifact id: '23d13ed1f110cb70c2be823ed92a5313') in 0.019655 seconds
Number of updated asset objects reloaded before import = 0
Number of asset objects unloaded after import = 11
========================================================================
Received Import Request.
  Time since last request: 0.000047 seconds.
  path: Assets/FantasyEnvironments/Environments/Ambient-Occlusion-Trees/FBX/Pine_tree3.fbx
  artifactKey: Guid(fa9ba8d7866c66e45a7f15e881001118) Importer(815301076,1909f56bfc062723c751e8b465ee728b)
Start importing Assets/FantasyEnvironments/Environments/Ambient-Occlusion-Trees/FBX/Pine_tree3.fbx using Guid(fa9ba8d7866c66e45a7f15e881001118) Importer(815301076,1909f56bfc062723c751e8b465ee728b)  -> (artifact id: '2b90bab6bbc427fda1bcb81122cccbab') in 0.021720 seconds
Number of updated asset objects reloaded before import = 0
Number of asset objects unloaded after import = 11
========================================================================
Received Import Request.
  Time since last request: 0.000022 seconds.
  path: Assets/FantasyEnvironments/Environments/Ambient-Occlusion-Trees/FBX/Oak_tree3.fbx
  artifactKey: Guid(95e30b3d340bc2b43b08db538d847c0e) Importer(815301076,1909f56bfc062723c751e8b465ee728b)
Start importing Assets/FantasyEnvironments/Environments/Ambient-Occlusion-Trees/FBX/Oak_tree3.fbx using Guid(95e30b3d340bc2b43b08db538d847c0e) Importer(815301076,1909f56bfc062723c751e8b465ee728b)  -> (artifact id: 'bb9a5f0d5f76ff678bb122f6cc3807cb') in 0.021123 seconds
Number of updated asset objects reloaded before import = 0
Number of asset objects unloaded after import = 11
========================================================================
Received Import Request.
  Time since last request: 0.000018 seconds.
  path: Assets/FantasyEnvironments/Environments/Ambient-Occlusion-Trees/FBX/Deciduous_tree1.fbx
  artifactKey: Guid(c630eafd8df6ac44a9e398da0cc05ac8) Importer(815301076,1909f56bfc062723c751e8b465ee728b)
Start importing Assets/FantasyEnvironments/Environments/Ambient-Occlusion-Trees/FBX/Deciduous_tree1.fbx using Guid(c630eafd8df6ac44a9e398da0cc05ac8) Importer(815301076,1909f56bfc062723c751e8b465ee728b)  -> (artifact id: '38058178be38f3d5809289d706720eee') in 0.019876 seconds
Number of updated asset objects reloaded before import = 0
Number of asset objects unloaded after import = 11
========================================================================
Received Import Request.
  Time since last request: 0.000018 seconds.
  path: Assets/FantasyEnvironments/Environments/Ambient-Occlusion-Trees/FBX/Willow_tree1.fbx
  artifactKey: Guid(0f83075210a9b3f48a6bd351928af1bf) Importer(815301076,1909f56bfc062723c751e8b465ee728b)
Start importing Assets/FantasyEnvironments/Environments/Ambient-Occlusion-Trees/FBX/Willow_tree1.fbx using Guid(0f83075210a9b3f48a6bd351928af1bf) Importer(815301076,1909f56bfc062723c751e8b465ee728b)  -> (artifact id: '976a06a2e4861ab38826d022bb5e9175') in 0.021011 seconds
Number of updated asset objects reloaded before import = 0
Number of asset objects unloaded after import = 11
========================================================================
Received Import Request.
  Time since last request: 0.000022 seconds.
  path: Assets/FantasyEnvironments/Environments/Ambient-Occlusion-Trees/FBX/Deciduous_tree3.fbx
  artifactKey: Guid(7b2d8dd6419857e46a0d2b8599f9e4de) Importer(815301076,1909f56bfc062723c751e8b465ee728b)
Start importing Assets/FantasyEnvironments/Environments/Ambient-Occlusion-Trees/FBX/Deciduous_tree3.fbx using Guid(7b2d8dd6419857e46a0d2b8599f9e4de) Importer(815301076,1909f56bfc062723c751e8b465ee728b)  -> (artifact id: 'ac8b883bd0a366688403ed8312e314ab') in 0.020706 seconds
Number of updated asset objects reloaded before import = 0
Number of asset objects unloaded after import = 11
========================================================================
Received Import Request.
  Time since last request: 3.035108 seconds.
  path: Assets/FantasyEnvironments/Environments/Ambient-Occlusion-Trees/Prefabs/Birch_tree2.prefab
  artifactKey: Guid(5219ccfa3b129f645bfb105ac244e8f5) Importer(815301076,1909f56bfc062723c751e8b465ee728b)
Start importing Assets/FantasyEnvironments/Environments/Ambient-Occlusion-Trees/Prefabs/Birch_tree2.prefab using Guid(5219ccfa3b129f645bfb105ac244e8f5) Importer(815301076,1909f56bfc062723c751e8b465ee728b)  -> (artifact id: '2d569fd795dee3abc721f66110f64432') in 0.018017 seconds
Number of updated asset objects reloaded before import = 0
Number of asset objects unloaded after import = 12
========================================================================
Received Import Request.
  Time since last request: 0.000019 seconds.
  path: Assets/FantasyEnvironments/Environments/Ambient-Occlusion-Trees/Prefabs/Willow_tree1.prefab
  artifactKey: Guid(76ca9846e495a3a42a47f16f51d18fb0) Importer(815301076,1909f56bfc062723c751e8b465ee728b)
Start importing Assets/FantasyEnvironments/Environments/Ambient-Occlusion-Trees/Prefabs/Willow_tree1.prefab using Guid(76ca9846e495a3a42a47f16f51d18fb0) Importer(815301076,1909f56bfc062723c751e8b465ee728b)  -> (artifact id: '1778feaae8af2b277db923aa88c829b1') in 0.017181 seconds
Number of updated asset objects reloaded before import = 0
Number of asset objects unloaded after import = 12
========================================================================
Received Import Request.
  Time since last request: 0.000026 seconds.
  path: Assets/FantasyEnvironments/Environments/Ambient-Occlusion-Trees/Prefabs/Deciduous_tree_stump.prefab
  artifactKey: Guid(5a21074ccac8b1e40a90e2b16e16afa4) Importer(815301076,1909f56bfc062723c751e8b465ee728b)
Start importing Assets/FantasyEnvironments/Environments/Ambient-Occlusion-Trees/Prefabs/Deciduous_tree_stump.prefab using Guid(5a21074ccac8b1e40a90e2b16e16afa4) Importer(815301076,1909f56bfc062723c751e8b465ee728b)  -> (artifact id: '4c0976071d7b519457f436ab4e030147') in 0.019101 seconds
Number of updated asset objects reloaded before import = 0
Number of asset objects unloaded after import = 23
========================================================================
Received Import Request.
  Time since last request: 0.000017 seconds.
  path: Assets/FantasyEnvironments/Environments/Ambient-Occlusion-Trees/Prefabs/Pine_tree3.prefab
  artifactKey: Guid(4d9135c56f306e14baa814f13d1a1193) Importer(815301076,1909f56bfc062723c751e8b465ee728b)
Start importing Assets/FantasyEnvironments/Environments/Ambient-Occlusion-Trees/Prefabs/Pine_tree3.prefab using Guid(4d9135c56f306e14baa814f13d1a1193) Importer(815301076,1909f56bfc062723c751e8b465ee728b)  -> (artifact id: '689caaea5e340380025906ae6deecffd') in 0.015882 seconds
Number of updated asset objects reloaded before import = 0
Number of asset objects unloaded after import = 12
========================================================================
Received Import Request.
  Time since last request: 0.000016 seconds.
  path: Assets/FantasyEnvironments/Environments/Ambient-Occlusion-Trees/Prefabs/Pine_tree1.prefab
  artifactKey: Guid(b68302d21e7061f4fb52903649a610f4) Importer(815301076,1909f56bfc062723c751e8b465ee728b)
Start importing Assets/FantasyEnvironments/Environments/Ambient-Occlusion-Trees/Prefabs/Pine_tree1.prefab using Guid(b68302d21e7061f4fb52903649a610f4) Importer(815301076,1909f56bfc062723c751e8b465ee728b)  -> (artifact id: '1fbd9359bcdb06d9a188247c5b50d3f6') in 0.016691 seconds
Number of updated asset objects reloaded before import = 0
Number of asset objects unloaded after import = 13
Editor requested this worker to shutdown with reason: Scaling down because of idle timeout
TcpMessagingSession - receive error: operation aborted. errorcode: 995, details: The I/O operation has been aborted because of either a thread exit or an application request.
AssetImportWorker is now disconnected from the server
Process exiting
Exiting without the bug reporter. Application will terminate with return code 0